The target system is: Linux -  - AARCH64
The host system is: Linux - 5.19.0-41-generic - x86_64
Compiling the C compiler identification source file "CMakeCCompilerId.c" succeeded.
Compiler: /usr/bin/aarch64-linux-gnu-gcc 
Build flags: 
Id flags:  

The output was:
0


Compilation of the C compiler identification source "CMakeCCompilerId.c" produced "a.out"

The C compiler identification is GNU, found in "/home/yunyi/Desktop/zyy-workspace/oneDNN/build/CMakeFiles/3.25.0/CompilerIdC/a.out"

Compiling the CXX compiler identification source file "CMakeCXXCompilerId.cpp" succeeded.
Compiler: /usr/bin/aarch64-linux-gnu-g++ 
Build flags: 
Id flags:  

The output was:
0


Compilation of the CXX compiler identification source "CMakeCXXCompilerId.cpp" produced "a.out"

The CXX compiler identification is GNU, found in "/home/yunyi/Desktop/zyy-workspace/oneDNN/build/CMakeFiles/3.25.0/CompilerIdCXX/a.out"

Detecting CXX compiler ABI info compiled with the following output:
Change Dir: /home/yunyi/Desktop/zyy-workspace/oneDNN/build/CMakeFiles/CMakeScratch/TryCompile-zgJIq9

Run Build Command(s):/usr/bin/gmake -f Makefile cmTC_1e390/fast && /usr/bin/gmake  -f CMakeFiles/cmTC_1e390.dir/build.make CMakeFiles/cmTC_1e390.dir/build
gmake[1]: Entering directory '/home/yunyi/Desktop/zyy-workspace/oneDNN/build/CMakeFiles/CMakeScratch/TryCompile-zgJIq9'
Building CXX object CMakeFiles/cmTC_1e390.dir/CMakeCXXCompilerABI.cpp.o
/usr/bin/aarch64-linux-gnu-g++   -v -o CMakeFiles/cmTC_1e390.dir/CMakeCXXCompilerABI.cpp.o -c /home/yunyi/.local/lib/python3.10/site-packages/cmake/data/share/cmake-3.25/Modules/CMakeCXXCompilerABI.cpp
Using built-in specs.
COLLECT_GCC=/usr/bin/aarch64-linux-gnu-g++
Target: aarch64-linux-gnu
Configured with: ../src/configure -v --with-pkgversion='Ubuntu 11.4.0-1ubuntu1~22.04' --with-bugurl=file:///usr/share/doc/gcc-11/README.Bugs --enable-languages=c,ada,c++,go,d,fortran,objc,obj-c++,m2 --prefix=/usr --with-gcc-major-version-only --program-suffix=-11 --enable-shared --enable-linker-build-id --libexecdir=/usr/lib --without-included-gettext --enable-threads=posix --libdir=/usr/lib --enable-nls --with-sysroot=/ --enable-clocale=gnu --enable-libstdcxx-debug --enable-libstdcxx-time=yes --with-default-libstdcxx-abi=new --enable-gnu-unique-object --disable-libquadmath --disable-libquadmath-support --enable-plugin --enable-default-pie --with-system-zlib --enable-libphobos-checking=release --without-target-system-zlib --enable-multiarch --enable-fix-cortex-a53-843419 --disable-werror --enable-checking=release --build=x86_64-linux-gnu --host=x86_64-linux-gnu --target=aarch64-linux-gnu --program-prefix=aarch64-linux-gnu- --includedir=/usr/aarch64-linux-gnu/include --with-build-config=bootstrap-lto-lean --enable-link-serialization=2
Thread model: posix
Supported LTO compression algorithms: zlib zstd
gcc version 11.4.0 (Ubuntu 11.4.0-1ubuntu1~22.04) 
COLLECT_GCC_OPTIONS='-v' '-o' 'CMakeFiles/cmTC_1e390.dir/CMakeCXXCompilerABI.cpp.o' '-c' '-shared-libgcc' '-mlittle-endian' '-mabi=lp64' '-dumpdir' 'CMakeFiles/cmTC_1e390.dir/'
 /usr/lib/gcc-cross/aarch64-linux-gnu/11/cc1plus -quiet -v -imultiarch aarch64-linux-gnu -D_GNU_SOURCE /home/yunyi/.local/lib/python3.10/site-packages/cmake/data/share/cmake-3.25/Modules/CMakeCXXCompilerABI.cpp -quiet -dumpdir CMakeFiles/cmTC_1e390.dir/ -dumpbase CMakeCXXCompilerABI.cpp.cpp -dumpbase-ext .cpp -mlittle-endian -mabi=lp64 -version -fasynchronous-unwind-tables -fstack-protector-strong -Wformat -Wformat-security -fstack-clash-protection -o /tmp/cc0cOodX.s
GNU C++17 (Ubuntu 11.4.0-1ubuntu1~22.04) version 11.4.0 (aarch64-linux-gnu)
	compiled by GNU C version 11.4.0, GMP version 6.2.1, MPFR version 4.1.0, MPC version 1.2.1, isl version isl-0.24-GMP

GGC heuristics: --param ggc-min-expand=100 --param ggc-min-heapsize=131072
ignoring nonexistent directory "/usr/local/include/aarch64-linux-gnu"
ignoring nonexistent directory "/usr/lib/gcc-cross/aarch64-linux-gnu/11/include-fixed"
ignoring nonexistent directory "/usr/include/aarch64-linux-gnu"
ignoring duplicate directory "/opt/intel/oneapi/ipp/2021.7.0/include"
#include "..." search starts here:
#include <...> search starts here:
 /opt/intel/oneapi/vpl/2023.0.0/include
 /opt/intel/oneapi/tbb/2021.8.0/env/../include
 /opt/intel/oneapi/mpi/2021.8.0//include
 /opt/intel/oneapi/mkl/2023.0.0/include
 /opt/intel/oneapi/ipp/2021.7.0/include
 /opt/intel/oneapi/ippcp/2021.6.3/include
 /opt/intel/oneapi/dpl/2022.0.0/linux/include
 /opt/intel/oneapi/dpcpp-ct/2023.0.0/include
 /opt/intel/oneapi/dnnl/2023.0.0/cpu_dpcpp_gpu_dpcpp/include
 /opt/intel/oneapi/dev-utilities/2021.8.0/include
 /opt/intel/oneapi/dal/2023.0.0/include
 /opt/intel/oneapi/ccl/2021.8.0/include/cpu_gpu_dpcpp
 /opt/intel/oneapi/clck/2021.7.2/include
 /usr/lib/gcc-cross/aarch64-linux-gnu/11/../../../../aarch64-linux-gnu/include/c++/11
 /usr/lib/gcc-cross/aarch64-linux-gnu/11/../../../../aarch64-linux-gnu/include/c++/11/aarch64-linux-gnu
 /usr/lib/gcc-cross/aarch64-linux-gnu/11/../../../../aarch64-linux-gnu/include/c++/11/backward
 /usr/lib/gcc-cross/aarch64-linux-gnu/11/include
 /usr/lib/gcc-cross/aarch64-linux-gnu/11/../../../../aarch64-linux-gnu/include
 /usr/include
End of search list.
GNU C++17 (Ubuntu 11.4.0-1ubuntu1~22.04) version 11.4.0 (aarch64-linux-gnu)
	compiled by GNU C version 11.4.0, GMP version 6.2.1, MPFR version 4.1.0, MPC version 1.2.1, isl version isl-0.24-GMP

GGC heuristics: --param ggc-min-expand=100 --param ggc-min-heapsize=131072
Compiler executable checksum: fbc882a9ce49446607e846bb30e5b470
COLLECT_GCC_OPTIONS='-v' '-o' 'CMakeFiles/cmTC_1e390.dir/CMakeCXXCompilerABI.cpp.o' '-c' '-shared-libgcc' '-mlittle-endian' '-mabi=lp64' '-dumpdir' 'CMakeFiles/cmTC_1e390.dir/'
 /usr/lib/gcc-cross/aarch64-linux-gnu/11/../../../../aarch64-linux-gnu/bin/as -v -EL -mabi=lp64 -o CMakeFiles/cmTC_1e390.dir/CMakeCXXCompilerABI.cpp.o /tmp/cc0cOodX.s
GNU assembler version 2.38 (aarch64-linux-gnu) using BFD version (GNU Binutils for Ubuntu) 2.38
COMPILER_PATH=/usr/lib/gcc-cross/aarch64-linux-gnu/11/:/usr/lib/gcc-cross/aarch64-linux-gnu/11/:/usr/lib/gcc-cross/aarch64-linux-gnu/:/usr/lib/gcc-cross/aarch64-linux-gnu/11/:/usr/lib/gcc-cross/aarch64-linux-gnu/:/usr/lib/gcc-cross/aarch64-linux-gnu/11/../../../../aarch64-linux-gnu/bin/
LIBRARY_PATH=/usr/lib/gcc-cross/aarch64-linux-gnu/11/:/usr/lib/gcc-cross/aarch64-linux-gnu/11/../../../../aarch64-linux-gnu/lib/../lib/:/lib/aarch64-linux-gnu/:/lib/../lib/:/usr/lib/aarch64-linux-gnu/:/usr/lib/../lib/:/usr/lib/gcc-cross/aarch64-linux-gnu/11/../../../../aarch64-linux-gnu/lib/:/lib/:/usr/lib/
COLLECT_GCC_OPTIONS='-v' '-o' 'CMakeFiles/cmTC_1e390.dir/CMakeCXXCompilerABI.cpp.o' '-c' '-shared-libgcc' '-mlittle-endian' '-mabi=lp64' '-dumpdir' 'CMakeFiles/cmTC_1e390.dir/CMakeCXXCompilerABI.cpp.'
Linking CXX executable cmTC_1e390
/home/yunyi/.local/lib/python3.10/site-packages/cmake/data/bin/cmake -E cmake_link_script CMakeFiles/cmTC_1e390.dir/link.txt --verbose=1
/usr/bin/aarch64-linux-gnu-g++  -v CMakeFiles/cmTC_1e390.dir/CMakeCXXCompilerABI.cpp.o -o cmTC_1e390 
Using built-in specs.
COLLECT_GCC=/usr/bin/aarch64-linux-gnu-g++
COLLECT_LTO_WRAPPER=/usr/lib/gcc-cross/aarch64-linux-gnu/11/lto-wrapper
Target: aarch64-linux-gnu
Configured with: ../src/configure -v --with-pkgversion='Ubuntu 11.4.0-1ubuntu1~22.04' --with-bugurl=file:///usr/share/doc/gcc-11/README.Bugs --enable-languages=c,ada,c++,go,d,fortran,objc,obj-c++,m2 --prefix=/usr --with-gcc-major-version-only --program-suffix=-11 --enable-shared --enable-linker-build-id --libexecdir=/usr/lib --without-included-gettext --enable-threads=posix --libdir=/usr/lib --enable-nls --with-sysroot=/ --enable-clocale=gnu --enable-libstdcxx-debug --enable-libstdcxx-time=yes --with-default-libstdcxx-abi=new --enable-gnu-unique-object --disable-libquadmath --disable-libquadmath-support --enable-plugin --enable-default-pie --with-system-zlib --enable-libphobos-checking=release --without-target-system-zlib --enable-multiarch --enable-fix-cortex-a53-843419 --disable-werror --enable-checking=release --build=x86_64-linux-gnu --host=x86_64-linux-gnu --target=aarch64-linux-gnu --program-prefix=aarch64-linux-gnu- --includedir=/usr/aarch64-linux-gnu/include --with-build-config=bootstrap-lto-lean --enable-link-serialization=2
Thread model: posix
Supported LTO compression algorithms: zlib zstd
gcc version 11.4.0 (Ubuntu 11.4.0-1ubuntu1~22.04) 
COMPILER_PATH=/usr/lib/gcc-cross/aarch64-linux-gnu/11/:/usr/lib/gcc-cross/aarch64-linux-gnu/11/:/usr/lib/gcc-cross/aarch64-linux-gnu/:/usr/lib/gcc-cross/aarch64-linux-gnu/11/:/usr/lib/gcc-cross/aarch64-linux-gnu/:/usr/lib/gcc-cross/aarch64-linux-gnu/11/../../../../aarch64-linux-gnu/bin/
LIBRARY_PATH=/usr/lib/gcc-cross/aarch64-linux-gnu/11/:/usr/lib/gcc-cross/aarch64-linux-gnu/11/../../../../aarch64-linux-gnu/lib/../lib/:/lib/aarch64-linux-gnu/:/lib/../lib/:/usr/lib/aarch64-linux-gnu/:/usr/lib/../lib/:/usr/lib/gcc-cross/aarch64-linux-gnu/11/../../../../aarch64-linux-gnu/lib/:/lib/:/usr/lib/
COLLECT_GCC_OPTIONS='-v' '-o' 'cmTC_1e390' '-shared-libgcc' '-mlittle-endian' '-mabi=lp64' '-dumpdir' 'cmTC_1e390.'
 /usr/lib/gcc-cross/aarch64-linux-gnu/11/collect2 -plugin /usr/lib/gcc-cross/aarch64-linux-gnu/11/liblto_plugin.so -plugin-opt=/usr/lib/gcc-cross/aarch64-linux-gnu/11/lto-wrapper -plugin-opt=-fresolution=/tmp/cc5FHOXJ.res -plugin-opt=-pass-through=-lgcc_s -plugin-opt=-pass-through=-lgcc -plugin-opt=-pass-through=-lc -plugin-opt=-pass-through=-lgcc_s -plugin-opt=-pass-through=-lgcc --sysroot=/ --build-id --eh-frame-hdr --hash-style=gnu --as-needed -dynamic-linker /lib/ld-linux-aarch64.so.1 -X -EL -maarch64linux --fix-cortex-a53-843419 -pie -z now -z relro -o cmTC_1e390 /usr/lib/gcc-cross/aarch64-linux-gnu/11/../../../../aarch64-linux-gnu/lib/../lib/Scrt1.o /usr/lib/gcc-cross/aarch64-linux-gnu/11/../../../../aarch64-linux-gnu/lib/../lib/crti.o /usr/lib/gcc-cross/aarch64-linux-gnu/11/crtbeginS.o -L/usr/lib/gcc-cross/aarch64-linux-gnu/11 -L/usr/lib/gcc-cross/aarch64-linux-gnu/11/../../../../aarch64-linux-gnu/lib/../lib -L/lib/aarch64-linux-gnu -L/lib/../lib -L/usr/lib/aarch64-linux-gnu -L/usr/lib/../lib -L/usr/lib/gcc-cross/aarch64-linux-gnu/11/../../../../aarch64-linux-gnu/lib CMakeFiles/cmTC_1e390.dir/CMakeCXXCompilerABI.cpp.o -lstdc++ -lm -lgcc_s -lgcc -lc -lgcc_s -lgcc /usr/lib/gcc-cross/aarch64-linux-gnu/11/crtendS.o /usr/lib/gcc-cross/aarch64-linux-gnu/11/../../../../aarch64-linux-gnu/lib/../lib/crtn.o
COLLECT_GCC_OPTIONS='-v' '-o' 'cmTC_1e390' '-shared-libgcc' '-mlittle-endian' '-mabi=lp64' '-dumpdir' 'cmTC_1e390.'
gmake[1]: Leaving directory '/home/yunyi/Desktop/zyy-workspace/oneDNN/build/CMakeFiles/CMakeScratch/TryCompile-zgJIq9'



Parsed CXX implicit include dir info from above output: rv=done
  found start of include info
  found start of implicit include info
    add: [/opt/intel/oneapi/vpl/2023.0.0/include]
    add: [/opt/intel/oneapi/tbb/2021.8.0/env/../include]
    add: [/opt/intel/oneapi/mpi/2021.8.0//include]
    add: [/opt/intel/oneapi/mkl/2023.0.0/include]
    add: [/opt/intel/oneapi/ipp/2021.7.0/include]
    add: [/opt/intel/oneapi/ippcp/2021.6.3/include]
    add: [/opt/intel/oneapi/dpl/2022.0.0/linux/include]
    add: [/opt/intel/oneapi/dpcpp-ct/2023.0.0/include]
    add: [/opt/intel/oneapi/dnnl/2023.0.0/cpu_dpcpp_gpu_dpcpp/include]
    add: [/opt/intel/oneapi/dev-utilities/2021.8.0/include]
    add: [/opt/intel/oneapi/dal/2023.0.0/include]
    add: [/opt/intel/oneapi/ccl/2021.8.0/include/cpu_gpu_dpcpp]
    add: [/opt/intel/oneapi/clck/2021.7.2/include]
    add: [/usr/lib/gcc-cross/aarch64-linux-gnu/11/../../../../aarch64-linux-gnu/include/c++/11]
    add: [/usr/lib/gcc-cross/aarch64-linux-gnu/11/../../../../aarch64-linux-gnu/include/c++/11/aarch64-linux-gnu]
    add: [/usr/lib/gcc-cross/aarch64-linux-gnu/11/../../../../aarch64-linux-gnu/include/c++/11/backward]
    add: [/usr/lib/gcc-cross/aarch64-linux-gnu/11/include]
    add: [/usr/lib/gcc-cross/aarch64-linux-gnu/11/../../../../aarch64-linux-gnu/include]
    add: [/usr/include]
  end of search list found
  collapse include dir [/opt/intel/oneapi/vpl/2023.0.0/include] ==> [/opt/intel/oneapi/vpl/2023.0.0/include]
  collapse include dir [/opt/intel/oneapi/tbb/2021.8.0/env/../include] ==> [/opt/intel/oneapi/tbb/2021.8.0/include]
  collapse include dir [/opt/intel/oneapi/mpi/2021.8.0//include] ==> [/opt/intel/oneapi/mpi/2021.8.0/include]
  collapse include dir [/opt/intel/oneapi/mkl/2023.0.0/include] ==> [/opt/intel/oneapi/mkl/2023.0.0/include]
  collapse include dir [/opt/intel/oneapi/ipp/2021.7.0/include] ==> [/opt/intel/oneapi/ipp/2021.7.0/include]
  collapse include dir [/opt/intel/oneapi/ippcp/2021.6.3/include] ==> [/opt/intel/oneapi/ippcp/2021.6.3/include]
  collapse include dir [/opt/intel/oneapi/dpl/2022.0.0/linux/include] ==> [/opt/intel/oneapi/dpl/2022.0.0/linux/include]
  collapse include dir [/opt/intel/oneapi/dpcpp-ct/2023.0.0/include] ==> [/opt/intel/oneapi/dpcpp-ct/2023.0.0/include]
  collapse include dir [/opt/intel/oneapi/dnnl/2023.0.0/cpu_dpcpp_gpu_dpcpp/include] ==> [/opt/intel/oneapi/dnnl/2023.0.0/cpu_dpcpp_gpu_dpcpp/include]
  collapse include dir [/opt/intel/oneapi/dev-utilities/2021.8.0/include] ==> [/opt/intel/oneapi/dev-utilities/2021.8.0/include]
  collapse include dir [/opt/intel/oneapi/dal/2023.0.0/include] ==> [/opt/intel/oneapi/dal/2023.0.0/include]
  collapse include dir [/opt/intel/oneapi/ccl/2021.8.0/include/cpu_gpu_dpcpp] ==> [/opt/intel/oneapi/ccl/2021.8.0/include/cpu_gpu_dpcpp]
  collapse include dir [/opt/intel/oneapi/clck/2021.7.2/include] ==> [/opt/intel/oneapi/clck/2021.7.2/include]
  collapse include dir [/usr/lib/gcc-cross/aarch64-linux-gnu/11/../../../../aarch64-linux-gnu/include/c++/11] ==> [/usr/aarch64-linux-gnu/include/c++/11]
  collapse include dir [/usr/lib/gcc-cross/aarch64-linux-gnu/11/../../../../aarch64-linux-gnu/include/c++/11/aarch64-linux-gnu] ==> [/usr/aarch64-linux-gnu/include/c++/11/aarch64-linux-gnu]
  collapse include dir [/usr/lib/gcc-cross/aarch64-linux-gnu/11/../../../../aarch64-linux-gnu/include/c++/11/backward] ==> [/usr/aarch64-linux-gnu/include/c++/11/backward]
  collapse include dir [/usr/lib/gcc-cross/aarch64-linux-gnu/11/include] ==> [/usr/lib/gcc-cross/aarch64-linux-gnu/11/include]
  collapse include dir [/usr/lib/gcc-cross/aarch64-linux-gnu/11/../../../../aarch64-linux-gnu/include] ==> [/usr/aarch64-linux-gnu/include]
  collapse include dir [/usr/include] ==> [/usr/include]
  implicit include dirs: [/opt/intel/oneapi/vpl/2023.0.0/include;/opt/intel/oneapi/tbb/2021.8.0/include;/opt/intel/oneapi/mpi/2021.8.0/include;/opt/intel/oneapi/mkl/2023.0.0/include;/opt/intel/oneapi/ipp/2021.7.0/include;/opt/intel/oneapi/ippcp/2021.6.3/include;/opt/intel/oneapi/dpl/2022.0.0/linux/include;/opt/intel/oneapi/dpcpp-ct/2023.0.0/include;/opt/intel/oneapi/dnnl/2023.0.0/cpu_dpcpp_gpu_dpcpp/include;/opt/intel/oneapi/dev-utilities/2021.8.0/include;/opt/intel/oneapi/dal/2023.0.0/include;/opt/intel/oneapi/ccl/2021.8.0/include/cpu_gpu_dpcpp;/opt/intel/oneapi/clck/2021.7.2/include;/usr/aarch64-linux-gnu/include/c++/11;/usr/aarch64-linux-gnu/include/c++/11/aarch64-linux-gnu;/usr/aarch64-linux-gnu/include/c++/11/backward;/usr/lib/gcc-cross/aarch64-linux-gnu/11/include;/usr/aarch64-linux-gnu/include;/usr/include]


Parsed CXX implicit link information from above output:
  link line regex: [^( *|.*[/\])(aarch64-linux-gnu-ld|CMAKE_LINK_STARTFILE-NOTFOUND|([^/\]+-)?ld|collect2)[^/\]*( |$)]
  ignore line: [Change Dir: /home/yunyi/Desktop/zyy-workspace/oneDNN/build/CMakeFiles/CMakeScratch/TryCompile-zgJIq9]
  ignore line: []
  ignore line: [Run Build Command(s):/usr/bin/gmake -f Makefile cmTC_1e390/fast && /usr/bin/gmake  -f CMakeFiles/cmTC_1e390.dir/build.make CMakeFiles/cmTC_1e390.dir/build]
  ignore line: [gmake[1]: Entering directory '/home/yunyi/Desktop/zyy-workspace/oneDNN/build/CMakeFiles/CMakeScratch/TryCompile-zgJIq9']
  ignore line: [Building CXX object CMakeFiles/cmTC_1e390.dir/CMakeCXXCompilerABI.cpp.o]
  ignore line: [/usr/bin/aarch64-linux-gnu-g++   -v -o CMakeFiles/cmTC_1e390.dir/CMakeCXXCompilerABI.cpp.o -c /home/yunyi/.local/lib/python3.10/site-packages/cmake/data/share/cmake-3.25/Modules/CMakeCXXCompilerABI.cpp]
  ignore line: [Using built-in specs.]
  ignore line: [COLLECT_GCC=/usr/bin/aarch64-linux-gnu-g++]
  ignore line: [Target: aarch64-linux-gnu]
  ignore line: [Configured with: ../src/configure -v --with-pkgversion='Ubuntu 11.4.0-1ubuntu1~22.04' --with-bugurl=file:///usr/share/doc/gcc-11/README.Bugs --enable-languages=c ada c++ go d fortran objc obj-c++ m2 --prefix=/usr --with-gcc-major-version-only --program-suffix=-11 --enable-shared --enable-linker-build-id --libexecdir=/usr/lib --without-included-gettext --enable-threads=posix --libdir=/usr/lib --enable-nls --with-sysroot=/ --enable-clocale=gnu --enable-libstdcxx-debug --enable-libstdcxx-time=yes --with-default-libstdcxx-abi=new --enable-gnu-unique-object --disable-libquadmath --disable-libquadmath-support --enable-plugin --enable-default-pie --with-system-zlib --enable-libphobos-checking=release --without-target-system-zlib --enable-multiarch --enable-fix-cortex-a53-843419 --disable-werror --enable-checking=release --build=x86_64-linux-gnu --host=x86_64-linux-gnu --target=aarch64-linux-gnu --program-prefix=aarch64-linux-gnu- --includedir=/usr/aarch64-linux-gnu/include --with-build-config=bootstrap-lto-lean --enable-link-serialization=2]
  ignore line: [Thread model: posix]
  ignore line: [Supported LTO compression algorithms: zlib zstd]
  ignore line: [gcc version 11.4.0 (Ubuntu 11.4.0-1ubuntu1~22.04) ]
  ignore line: [COLLECT_GCC_OPTIONS='-v' '-o' 'CMakeFiles/cmTC_1e390.dir/CMakeCXXCompilerABI.cpp.o' '-c' '-shared-libgcc' '-mlittle-endian' '-mabi=lp64' '-dumpdir' 'CMakeFiles/cmTC_1e390.dir/']
  ignore line: [ /usr/lib/gcc-cross/aarch64-linux-gnu/11/cc1plus -quiet -v -imultiarch aarch64-linux-gnu -D_GNU_SOURCE /home/yunyi/.local/lib/python3.10/site-packages/cmake/data/share/cmake-3.25/Modules/CMakeCXXCompilerABI.cpp -quiet -dumpdir CMakeFiles/cmTC_1e390.dir/ -dumpbase CMakeCXXCompilerABI.cpp.cpp -dumpbase-ext .cpp -mlittle-endian -mabi=lp64 -version -fasynchronous-unwind-tables -fstack-protector-strong -Wformat -Wformat-security -fstack-clash-protection -o /tmp/cc0cOodX.s]
  ignore line: [GNU C++17 (Ubuntu 11.4.0-1ubuntu1~22.04) version 11.4.0 (aarch64-linux-gnu)]
  ignore line: [	compiled by GNU C version 11.4.0  GMP version 6.2.1  MPFR version 4.1.0  MPC version 1.2.1  isl version isl-0.24-GMP]
  ignore line: []
  ignore line: [GGC heuristics: --param ggc-min-expand=100 --param ggc-min-heapsize=131072]
  ignore line: [ignoring nonexistent directory "/usr/local/include/aarch64-linux-gnu"]
  ignore line: [ignoring nonexistent directory "/usr/lib/gcc-cross/aarch64-linux-gnu/11/include-fixed"]
  ignore line: [ignoring nonexistent directory "/usr/include/aarch64-linux-gnu"]
  ignore line: [ignoring duplicate directory "/opt/intel/oneapi/ipp/2021.7.0/include"]
  ignore line: [#include "..." search starts here:]
  ignore line: [#include <...> search starts here:]
  ignore line: [ /opt/intel/oneapi/vpl/2023.0.0/include]
  ignore line: [ /opt/intel/oneapi/tbb/2021.8.0/env/../include]
  ignore line: [ /opt/intel/oneapi/mpi/2021.8.0//include]
  ignore line: [ /opt/intel/oneapi/mkl/2023.0.0/include]
  ignore line: [ /opt/intel/oneapi/ipp/2021.7.0/include]
  ignore line: [ /opt/intel/oneapi/ippcp/2021.6.3/include]
  ignore line: [ /opt/intel/oneapi/dpl/2022.0.0/linux/include]
  ignore line: [ /opt/intel/oneapi/dpcpp-ct/2023.0.0/include]
  ignore line: [ /opt/intel/oneapi/dnnl/2023.0.0/cpu_dpcpp_gpu_dpcpp/include]
  ignore line: [ /opt/intel/oneapi/dev-utilities/2021.8.0/include]
  ignore line: [ /opt/intel/oneapi/dal/2023.0.0/include]
  ignore line: [ /opt/intel/oneapi/ccl/2021.8.0/include/cpu_gpu_dpcpp]
  ignore line: [ /opt/intel/oneapi/clck/2021.7.2/include]
  ignore line: [ /usr/lib/gcc-cross/aarch64-linux-gnu/11/../../../../aarch64-linux-gnu/include/c++/11]
  ignore line: [ /usr/lib/gcc-cross/aarch64-linux-gnu/11/../../../../aarch64-linux-gnu/include/c++/11/aarch64-linux-gnu]
  ignore line: [ /usr/lib/gcc-cross/aarch64-linux-gnu/11/../../../../aarch64-linux-gnu/include/c++/11/backward]
  ignore line: [ /usr/lib/gcc-cross/aarch64-linux-gnu/11/include]
  ignore line: [ /usr/lib/gcc-cross/aarch64-linux-gnu/11/../../../../aarch64-linux-gnu/include]
  ignore line: [ /usr/include]
  ignore line: [End of search list.]
  ignore line: [GNU C++17 (Ubuntu 11.4.0-1ubuntu1~22.04) version 11.4.0 (aarch64-linux-gnu)]
  ignore line: [	compiled by GNU C version 11.4.0  GMP version 6.2.1  MPFR version 4.1.0  MPC version 1.2.1  isl version isl-0.24-GMP]
  ignore line: []
  ignore line: [GGC heuristics: --param ggc-min-expand=100 --param ggc-min-heapsize=131072]
  ignore line: [Compiler executable checksum: fbc882a9ce49446607e846bb30e5b470]
  ignore line: [COLLECT_GCC_OPTIONS='-v' '-o' 'CMakeFiles/cmTC_1e390.dir/CMakeCXXCompilerABI.cpp.o' '-c' '-shared-libgcc' '-mlittle-endian' '-mabi=lp64' '-dumpdir' 'CMakeFiles/cmTC_1e390.dir/']
  ignore line: [ /usr/lib/gcc-cross/aarch64-linux-gnu/11/../../../../aarch64-linux-gnu/bin/as -v -EL -mabi=lp64 -o CMakeFiles/cmTC_1e390.dir/CMakeCXXCompilerABI.cpp.o /tmp/cc0cOodX.s]
  ignore line: [GNU assembler version 2.38 (aarch64-linux-gnu) using BFD version (GNU Binutils for Ubuntu) 2.38]
  ignore line: [COMPILER_PATH=/usr/lib/gcc-cross/aarch64-linux-gnu/11/:/usr/lib/gcc-cross/aarch64-linux-gnu/11/:/usr/lib/gcc-cross/aarch64-linux-gnu/:/usr/lib/gcc-cross/aarch64-linux-gnu/11/:/usr/lib/gcc-cross/aarch64-linux-gnu/:/usr/lib/gcc-cross/aarch64-linux-gnu/11/../../../../aarch64-linux-gnu/bin/]
  ignore line: [LIBRARY_PATH=/usr/lib/gcc-cross/aarch64-linux-gnu/11/:/usr/lib/gcc-cross/aarch64-linux-gnu/11/../../../../aarch64-linux-gnu/lib/../lib/:/lib/aarch64-linux-gnu/:/lib/../lib/:/usr/lib/aarch64-linux-gnu/:/usr/lib/../lib/:/usr/lib/gcc-cross/aarch64-linux-gnu/11/../../../../aarch64-linux-gnu/lib/:/lib/:/usr/lib/]
  ignore line: [COLLECT_GCC_OPTIONS='-v' '-o' 'CMakeFiles/cmTC_1e390.dir/CMakeCXXCompilerABI.cpp.o' '-c' '-shared-libgcc' '-mlittle-endian' '-mabi=lp64' '-dumpdir' 'CMakeFiles/cmTC_1e390.dir/CMakeCXXCompilerABI.cpp.']
  ignore line: [Linking CXX executable cmTC_1e390]
  ignore line: [/home/yunyi/.local/lib/python3.10/site-packages/cmake/data/bin/cmake -E cmake_link_script CMakeFiles/cmTC_1e390.dir/link.txt --verbose=1]
  ignore line: [/usr/bin/aarch64-linux-gnu-g++  -v CMakeFiles/cmTC_1e390.dir/CMakeCXXCompilerABI.cpp.o -o cmTC_1e390 ]
  ignore line: [Using built-in specs.]
  ignore line: [COLLECT_GCC=/usr/bin/aarch64-linux-gnu-g++]
  ignore line: [COLLECT_LTO_WRAPPER=/usr/lib/gcc-cross/aarch64-linux-gnu/11/lto-wrapper]
  ignore line: [Target: aarch64-linux-gnu]
  ignore line: [Configured with: ../src/configure -v --with-pkgversion='Ubuntu 11.4.0-1ubuntu1~22.04' --with-bugurl=file:///usr/share/doc/gcc-11/README.Bugs --enable-languages=c ada c++ go d fortran objc obj-c++ m2 --prefix=/usr --with-gcc-major-version-only --program-suffix=-11 --enable-shared --enable-linker-build-id --libexecdir=/usr/lib --without-included-gettext --enable-threads=posix --libdir=/usr/lib --enable-nls --with-sysroot=/ --enable-clocale=gnu --enable-libstdcxx-debug --enable-libstdcxx-time=yes --with-default-libstdcxx-abi=new --enable-gnu-unique-object --disable-libquadmath --disable-libquadmath-support --enable-plugin --enable-default-pie --with-system-zlib --enable-libphobos-checking=release --without-target-system-zlib --enable-multiarch --enable-fix-cortex-a53-843419 --disable-werror --enable-checking=release --build=x86_64-linux-gnu --host=x86_64-linux-gnu --target=aarch64-linux-gnu --program-prefix=aarch64-linux-gnu- --includedir=/usr/aarch64-linux-gnu/include --with-build-config=bootstrap-lto-lean --enable-link-serialization=2]
  ignore line: [Thread model: posix]
  ignore line: [Supported LTO compression algorithms: zlib zstd]
  ignore line: [gcc version 11.4.0 (Ubuntu 11.4.0-1ubuntu1~22.04) ]
  ignore line: [COMPILER_PATH=/usr/lib/gcc-cross/aarch64-linux-gnu/11/:/usr/lib/gcc-cross/aarch64-linux-gnu/11/:/usr/lib/gcc-cross/aarch64-linux-gnu/:/usr/lib/gcc-cross/aarch64-linux-gnu/11/:/usr/lib/gcc-cross/aarch64-linux-gnu/:/usr/lib/gcc-cross/aarch64-linux-gnu/11/../../../../aarch64-linux-gnu/bin/]
  ignore line: [LIBRARY_PATH=/usr/lib/gcc-cross/aarch64-linux-gnu/11/:/usr/lib/gcc-cross/aarch64-linux-gnu/11/../../../../aarch64-linux-gnu/lib/../lib/:/lib/aarch64-linux-gnu/:/lib/../lib/:/usr/lib/aarch64-linux-gnu/:/usr/lib/../lib/:/usr/lib/gcc-cross/aarch64-linux-gnu/11/../../../../aarch64-linux-gnu/lib/:/lib/:/usr/lib/]
  ignore line: [COLLECT_GCC_OPTIONS='-v' '-o' 'cmTC_1e390' '-shared-libgcc' '-mlittle-endian' '-mabi=lp64' '-dumpdir' 'cmTC_1e390.']
  link line: [ /usr/lib/gcc-cross/aarch64-linux-gnu/11/collect2 -plugin /usr/lib/gcc-cross/aarch64-linux-gnu/11/liblto_plugin.so -plugin-opt=/usr/lib/gcc-cross/aarch64-linux-gnu/11/lto-wrapper -plugin-opt=-fresolution=/tmp/cc5FHOXJ.res -plugin-opt=-pass-through=-lgcc_s -plugin-opt=-pass-through=-lgcc -plugin-opt=-pass-through=-lc -plugin-opt=-pass-through=-lgcc_s -plugin-opt=-pass-through=-lgcc --sysroot=/ --build-id --eh-frame-hdr --hash-style=gnu --as-needed -dynamic-linker /lib/ld-linux-aarch64.so.1 -X -EL -maarch64linux --fix-cortex-a53-843419 -pie -z now -z relro -o cmTC_1e390 /usr/lib/gcc-cross/aarch64-linux-gnu/11/../../../../aarch64-linux-gnu/lib/../lib/Scrt1.o /usr/lib/gcc-cross/aarch64-linux-gnu/11/../../../../aarch64-linux-gnu/lib/../lib/crti.o /usr/lib/gcc-cross/aarch64-linux-gnu/11/crtbeginS.o -L/usr/lib/gcc-cross/aarch64-linux-gnu/11 -L/usr/lib/gcc-cross/aarch64-linux-gnu/11/../../../../aarch64-linux-gnu/lib/../lib -L/lib/aarch64-linux-gnu -L/lib/../lib -L/usr/lib/aarch64-linux-gnu -L/usr/lib/../lib -L/usr/lib/gcc-cross/aarch64-linux-gnu/11/../../../../aarch64-linux-gnu/lib CMakeFiles/cmTC_1e390.dir/CMakeCXXCompilerABI.cpp.o -lstdc++ -lm -lgcc_s -lgcc -lc -lgcc_s -lgcc /usr/lib/gcc-cross/aarch64-linux-gnu/11/crtendS.o /usr/lib/gcc-cross/aarch64-linux-gnu/11/../../../../aarch64-linux-gnu/lib/../lib/crtn.o]
    arg [/usr/lib/gcc-cross/aarch64-linux-gnu/11/collect2] ==> ignore
    arg [-plugin] ==> ignore
    arg [/usr/lib/gcc-cross/aarch64-linux-gnu/11/liblto_plugin.so] ==> ignore
    arg [-plugin-opt=/usr/lib/gcc-cross/aarch64-linux-gnu/11/lto-wrapper] ==> ignore
    arg [-plugin-opt=-fresolution=/tmp/cc5FHOXJ.res] ==> ignore
    arg [-plugin-opt=-pass-through=-lgcc_s] ==> ignore
    arg [-plugin-opt=-pass-through=-lgcc] ==> ignore
    arg [-plugin-opt=-pass-through=-lc] ==> ignore
    arg [-plugin-opt=-pass-through=-lgcc_s] ==> ignore
    arg [-plugin-opt=-pass-through=-lgcc] ==> ignore
    arg [--sysroot=/] ==> ignore
    arg [--build-id] ==> ignore
    arg [--eh-frame-hdr] ==> ignore
    arg [--hash-style=gnu] ==> ignore
    arg [--as-needed] ==> ignore
    arg [-dynamic-linker] ==> ignore
    arg [/lib/ld-linux-aarch64.so.1] ==> ignore
    arg [-X] ==> ignore
    arg [-EL] ==> ignore
    arg [-maarch64linux] ==> ignore
    arg [--fix-cortex-a53-843419] ==> ignore
    arg [-pie] ==> ignore
    arg [-znow] ==> ignore
    arg [-zrelro] ==> ignore
    arg [-o] ==> ignore
    arg [cmTC_1e390] ==> ignore
    arg [/usr/lib/gcc-cross/aarch64-linux-gnu/11/../../../../aarch64-linux-gnu/lib/../lib/Scrt1.o] ==> obj [/usr/lib/gcc-cross/aarch64-linux-gnu/11/../../../../aarch64-linux-gnu/lib/../lib/Scrt1.o]
    arg [/usr/lib/gcc-cross/aarch64-linux-gnu/11/../../../../aarch64-linux-gnu/lib/../lib/crti.o] ==> obj [/usr/lib/gcc-cross/aarch64-linux-gnu/11/../../../../aarch64-linux-gnu/lib/../lib/crti.o]
    arg [/usr/lib/gcc-cross/aarch64-linux-gnu/11/crtbeginS.o] ==> obj [/usr/lib/gcc-cross/aarch64-linux-gnu/11/crtbeginS.o]
    arg [-L/usr/lib/gcc-cross/aarch64-linux-gnu/11] ==> dir [/usr/lib/gcc-cross/aarch64-linux-gnu/11]
    arg [-L/usr/lib/gcc-cross/aarch64-linux-gnu/11/../../../../aarch64-linux-gnu/lib/../lib] ==> dir [/usr/lib/gcc-cross/aarch64-linux-gnu/11/../../../../aarch64-linux-gnu/lib/../lib]
    arg [-L/lib/aarch64-linux-gnu] ==> dir [/lib/aarch64-linux-gnu]
    arg [-L/lib/../lib] ==> dir [/lib/../lib]
    arg [-L/usr/lib/aarch64-linux-gnu] ==> dir [/usr/lib/aarch64-linux-gnu]
    arg [-L/usr/lib/../lib] ==> dir [/usr/lib/../lib]
    arg [-L/usr/lib/gcc-cross/aarch64-linux-gnu/11/../../../../aarch64-linux-gnu/lib] ==> dir [/usr/lib/gcc-cross/aarch64-linux-gnu/11/../../../../aarch64-linux-gnu/lib]
    arg [CMakeFiles/cmTC_1e390.dir/CMakeCXXCompilerABI.cpp.o] ==> ignore
    arg [-lstdc++] ==> lib [stdc++]
    arg [-lm] ==> lib [m]
    arg [-lgcc_s] ==> lib [gcc_s]
    arg [-lgcc] ==> lib [gcc]
    arg [-lc] ==> lib [c]
    arg [-lgcc_s] ==> lib [gcc_s]
    arg [-lgcc] ==> lib [gcc]
    arg [/usr/lib/gcc-cross/aarch64-linux-gnu/11/crtendS.o] ==> obj [/usr/lib/gcc-cross/aarch64-linux-gnu/11/crtendS.o]
    arg [/usr/lib/gcc-cross/aarch64-linux-gnu/11/../../../../aarch64-linux-gnu/lib/../lib/crtn.o] ==> obj [/usr/lib/gcc-cross/aarch64-linux-gnu/11/../../../../aarch64-linux-gnu/lib/../lib/crtn.o]
  collapse obj [/usr/lib/gcc-cross/aarch64-linux-gnu/11/../../../../aarch64-linux-gnu/lib/../lib/Scrt1.o] ==> [/usr/aarch64-linux-gnu/lib/Scrt1.o]
  collapse obj [/usr/lib/gcc-cross/aarch64-linux-gnu/11/../../../../aarch64-linux-gnu/lib/../lib/crti.o] ==> [/usr/aarch64-linux-gnu/lib/crti.o]
  collapse obj [/usr/lib/gcc-cross/aarch64-linux-gnu/11/../../../../aarch64-linux-gnu/lib/../lib/crtn.o] ==> [/usr/aarch64-linux-gnu/lib/crtn.o]
  collapse library dir [/usr/lib/gcc-cross/aarch64-linux-gnu/11] ==> [/usr/lib/gcc-cross/aarch64-linux-gnu/11]
  collapse library dir [/usr/lib/gcc-cross/aarch64-linux-gnu/11/../../../../aarch64-linux-gnu/lib/../lib] ==> [/usr/aarch64-linux-gnu/lib]
  collapse library dir [/lib/aarch64-linux-gnu] ==> [/lib/aarch64-linux-gnu]
  collapse library dir [/lib/../lib] ==> [/lib]
  collapse library dir [/usr/lib/aarch64-linux-gnu] ==> [/usr/lib/aarch64-linux-gnu]
  collapse library dir [/usr/lib/../lib] ==> [/usr/lib]
  collapse library dir [/usr/lib/gcc-cross/aarch64-linux-gnu/11/../../../../aarch64-linux-gnu/lib] ==> [/usr/aarch64-linux-gnu/lib]
  implicit libs: [stdc++;m;gcc_s;gcc;c;gcc_s;gcc]
  implicit objs: [/usr/aarch64-linux-gnu/lib/Scrt1.o;/usr/aarch64-linux-gnu/lib/crti.o;/usr/lib/gcc-cross/aarch64-linux-gnu/11/crtbeginS.o;/usr/lib/gcc-cross/aarch64-linux-gnu/11/crtendS.o;/usr/aarch64-linux-gnu/lib/crtn.o]
  implicit dirs: [/usr/lib/gcc-cross/aarch64-linux-gnu/11;/usr/aarch64-linux-gnu/lib;/lib/aarch64-linux-gnu;/lib;/usr/lib/aarch64-linux-gnu;/usr/lib]
  implicit fwks: []


Performing C SOURCE FILE Test CMAKE_HAVE_LIBC_PTHREAD succeeded with the following output:
Change Dir: /home/yunyi/Desktop/zyy-workspace/oneDNN/build/CMakeFiles/CMakeScratch/TryCompile-kic6qx

Run Build Command(s):/usr/bin/gmake -f Makefile cmTC_ac99e/fast && /usr/bin/gmake  -f CMakeFiles/cmTC_ac99e.dir/build.make CMakeFiles/cmTC_ac99e.dir/build
gmake[1]: Entering directory '/home/yunyi/Desktop/zyy-workspace/oneDNN/build/CMakeFiles/CMakeScratch/TryCompile-kic6qx'
Building C object CMakeFiles/cmTC_ac99e.dir/src.c.o
/usr/bin/aarch64-linux-gnu-gcc -DCMAKE_HAVE_LIBC_PTHREAD   -o CMakeFiles/cmTC_ac99e.dir/src.c.o -c /home/yunyi/Desktop/zyy-workspace/oneDNN/build/CMakeFiles/CMakeScratch/TryCompile-kic6qx/src.c
Linking C executable cmTC_ac99e
/home/yunyi/.local/lib/python3.10/site-packages/cmake/data/bin/cmake -E cmake_link_script CMakeFiles/cmTC_ac99e.dir/link.txt --verbose=1
/usr/bin/aarch64-linux-gnu-gcc CMakeFiles/cmTC_ac99e.dir/src.c.o -o cmTC_ac99e 
gmake[1]: Leaving directory '/home/yunyi/Desktop/zyy-workspace/oneDNN/build/CMakeFiles/CMakeScratch/TryCompile-kic6qx'


Source file was:
#include <pthread.h>

static void* test_func(void* data)
{
  return data;
}

int main(void)
{
  pthread_t thread;
  pthread_create(&thread, NULL, test_func, NULL);
  pthread_detach(thread);
  pthread_cancel(thread);
  pthread_join(thread, NULL);
  pthread_atfork(NULL, NULL, NULL);
  pthread_exit(NULL);

  return 0;
}


Detecting C OpenMP compiler ABI info compiled with the following output:
Change Dir: /home/yunyi/Desktop/zyy-workspace/oneDNN/build/CMakeFiles/CMakeScratch/TryCompile-zaKCfr

Run Build Command(s):/usr/bin/gmake -f Makefile cmTC_3ab62/fast && /usr/bin/gmake  -f CMakeFiles/cmTC_3ab62.dir/build.make CMakeFiles/cmTC_3ab62.dir/build
gmake[1]: Entering directory '/home/yunyi/Desktop/zyy-workspace/oneDNN/build/CMakeFiles/CMakeScratch/TryCompile-zaKCfr'
Building C object CMakeFiles/cmTC_3ab62.dir/OpenMPTryFlag.c.o
/usr/bin/aarch64-linux-gnu-gcc   -fopenmp -v -o CMakeFiles/cmTC_3ab62.dir/OpenMPTryFlag.c.o -c /home/yunyi/Desktop/zyy-workspace/oneDNN/build/CMakeFiles/CMakeScratch/TryCompile-zaKCfr/OpenMPTryFlag.c
Using built-in specs.
COLLECT_GCC=/usr/bin/aarch64-linux-gnu-gcc
Target: aarch64-linux-gnu
Configured with: ../src/configure -v --with-pkgversion='Ubuntu 11.4.0-1ubuntu1~22.04' --with-bugurl=file:///usr/share/doc/gcc-11/README.Bugs --enable-languages=c,ada,c++,go,d,fortran,objc,obj-c++,m2 --prefix=/usr --with-gcc-major-version-only --program-suffix=-11 --enable-shared --enable-linker-build-id --libexecdir=/usr/lib --without-included-gettext --enable-threads=posix --libdir=/usr/lib --enable-nls --with-sysroot=/ --enable-clocale=gnu --enable-libstdcxx-debug --enable-libstdcxx-time=yes --with-default-libstdcxx-abi=new --enable-gnu-unique-object --disable-libquadmath --disable-libquadmath-support --enable-plugin --enable-default-pie --with-system-zlib --enable-libphobos-checking=release --without-target-system-zlib --enable-multiarch --enable-fix-cortex-a53-843419 --disable-werror --enable-checking=release --build=x86_64-linux-gnu --host=x86_64-linux-gnu --target=aarch64-linux-gnu --program-prefix=aarch64-linux-gnu- --includedir=/usr/aarch64-linux-gnu/include --with-build-config=bootstrap-lto-lean --enable-link-serialization=2
Thread model: posix
Supported LTO compression algorithms: zlib zstd
gcc version 11.4.0 (Ubuntu 11.4.0-1ubuntu1~22.04) 
COLLECT_GCC_OPTIONS='-fopenmp' '-v' '-o' 'CMakeFiles/cmTC_3ab62.dir/OpenMPTryFlag.c.o' '-c' '-mlittle-endian' '-mabi=lp64' '-pthread' '-dumpdir' 'CMakeFiles/cmTC_3ab62.dir/'
 /usr/lib/gcc-cross/aarch64-linux-gnu/11/cc1 -quiet -v -imultiarch aarch64-linux-gnu -D_REENTRANT /home/yunyi/Desktop/zyy-workspace/oneDNN/build/CMakeFiles/CMakeScratch/TryCompile-zaKCfr/OpenMPTryFlag.c -quiet -dumpdir CMakeFiles/cmTC_3ab62.dir/ -dumpbase OpenMPTryFlag.c.c -dumpbase-ext .c -mlittle-endian -mabi=lp64 -version -fopenmp -fasynchronous-unwind-tables -fstack-protector-strong -Wformat -Wformat-security -fstack-clash-protection -o /tmp/ccoZo4io.s
GNU C17 (Ubuntu 11.4.0-1ubuntu1~22.04) version 11.4.0 (aarch64-linux-gnu)
	compiled by GNU C version 11.4.0, GMP version 6.2.1, MPFR version 4.1.0, MPC version 1.2.1, isl version isl-0.24-GMP

GGC heuristics: --param ggc-min-expand=100 --param ggc-min-heapsize=131072
ignoring nonexistent directory "/usr/local/include/aarch64-linux-gnu"
ignoring nonexistent directory "/usr/lib/gcc-cross/aarch64-linux-gnu/11/include-fixed"
ignoring nonexistent directory "/usr/include/aarch64-linux-gnu"
ignoring duplicate directory "/opt/intel/oneapi/ipp/2021.7.0/include"
#include "..." search starts here:
#include <...> search starts here:
 /opt/intel/oneapi/vpl/2023.0.0/include
 /opt/intel/oneapi/tbb/2021.8.0/env/../include
 /opt/intel/oneapi/mpi/2021.8.0//include
 /opt/intel/oneapi/mkl/2023.0.0/include
 /opt/intel/oneapi/ipp/2021.7.0/include
 /opt/intel/oneapi/ippcp/2021.6.3/include
 /opt/intel/oneapi/dpl/2022.0.0/linux/include
 /opt/intel/oneapi/dpcpp-ct/2023.0.0/include
 /opt/intel/oneapi/dnnl/2023.0.0/cpu_dpcpp_gpu_dpcpp/include
 /opt/intel/oneapi/dev-utilities/2021.8.0/include
 /opt/intel/oneapi/dal/2023.0.0/include
 /opt/intel/oneapi/ccl/2021.8.0/include/cpu_gpu_dpcpp
 /usr/lib/gcc-cross/aarch64-linux-gnu/11/include
 /usr/lib/gcc-cross/aarch64-linux-gnu/11/../../../../aarch64-linux-gnu/include
 /usr/include
End of search list.
GNU C17 (Ubuntu 11.4.0-1ubuntu1~22.04) version 11.4.0 (aarch64-linux-gnu)
	compiled by GNU C version 11.4.0, GMP version 6.2.1, MPFR version 4.1.0, MPC version 1.2.1, isl version isl-0.24-GMP

GGC heuristics: --param ggc-min-expand=100 --param ggc-min-heapsize=131072
Compiler executable checksum: 2e7b1ee81654360a14ff23d75e63392d
COLLECT_GCC_OPTIONS='-fopenmp' '-v' '-o' 'CMakeFiles/cmTC_3ab62.dir/OpenMPTryFlag.c.o' '-c' '-mlittle-endian' '-mabi=lp64' '-pthread' '-dumpdir' 'CMakeFiles/cmTC_3ab62.dir/'
 /usr/lib/gcc-cross/aarch64-linux-gnu/11/../../../../aarch64-linux-gnu/bin/as -v -EL -mabi=lp64 -o CMakeFiles/cmTC_3ab62.dir/OpenMPTryFlag.c.o /tmp/ccoZo4io.s
GNU assembler version 2.38 (aarch64-linux-gnu) using BFD version (GNU Binutils for Ubuntu) 2.38
COMPILER_PATH=/usr/lib/gcc-cross/aarch64-linux-gnu/11/:/usr/lib/gcc-cross/aarch64-linux-gnu/11/:/usr/lib/gcc-cross/aarch64-linux-gnu/:/usr/lib/gcc-cross/aarch64-linux-gnu/11/:/usr/lib/gcc-cross/aarch64-linux-gnu/:/usr/lib/gcc-cross/aarch64-linux-gnu/11/../../../../aarch64-linux-gnu/bin/
LIBRARY_PATH=/usr/lib/gcc-cross/aarch64-linux-gnu/11/:/usr/lib/gcc-cross/aarch64-linux-gnu/11/../../../../aarch64-linux-gnu/lib/../lib/:/lib/aarch64-linux-gnu/:/lib/../lib/:/usr/lib/aarch64-linux-gnu/:/usr/lib/../lib/:/usr/lib/gcc-cross/aarch64-linux-gnu/11/../../../../aarch64-linux-gnu/lib/:/lib/:/usr/lib/
COLLECT_GCC_OPTIONS='-fopenmp' '-v' '-o' 'CMakeFiles/cmTC_3ab62.dir/OpenMPTryFlag.c.o' '-c' '-mlittle-endian' '-mabi=lp64' '-pthread' '-dumpdir' 'CMakeFiles/cmTC_3ab62.dir/OpenMPTryFlag.c.'
Linking C executable cmTC_3ab62
/home/yunyi/.local/lib/python3.10/site-packages/cmake/data/bin/cmake -E cmake_link_script CMakeFiles/cmTC_3ab62.dir/link.txt --verbose=1
/usr/bin/aarch64-linux-gnu-gcc  -fopenmp -v CMakeFiles/cmTC_3ab62.dir/OpenMPTryFlag.c.o -o cmTC_3ab62  -v 
Using built-in specs.
COLLECT_GCC=/usr/bin/aarch64-linux-gnu-gcc
COLLECT_LTO_WRAPPER=/usr/lib/gcc-cross/aarch64-linux-gnu/11/lto-wrapper
Target: aarch64-linux-gnu
Configured with: ../src/configure -v --with-pkgversion='Ubuntu 11.4.0-1ubuntu1~22.04' --with-bugurl=file:///usr/share/doc/gcc-11/README.Bugs --enable-languages=c,ada,c++,go,d,fortran,objc,obj-c++,m2 --prefix=/usr --with-gcc-major-version-only --program-suffix=-11 --enable-shared --enable-linker-build-id --libexecdir=/usr/lib --without-included-gettext --enable-threads=posix --libdir=/usr/lib --enable-nls --with-sysroot=/ --enable-clocale=gnu --enable-libstdcxx-debug --enable-libstdcxx-time=yes --with-default-libstdcxx-abi=new --enable-gnu-unique-object --disable-libquadmath --disable-libquadmath-support --enable-plugin --enable-default-pie --with-system-zlib --enable-libphobos-checking=release --without-target-system-zlib --enable-multiarch --enable-fix-cortex-a53-843419 --disable-werror --enable-checking=release --build=x86_64-linux-gnu --host=x86_64-linux-gnu --target=aarch64-linux-gnu --program-prefix=aarch64-linux-gnu- --includedir=/usr/aarch64-linux-gnu/include --with-build-config=bootstrap-lto-lean --enable-link-serialization=2
Thread model: posix
Supported LTO compression algorithms: zlib zstd
gcc version 11.4.0 (Ubuntu 11.4.0-1ubuntu1~22.04) 
COMPILER_PATH=/usr/lib/gcc-cross/aarch64-linux-gnu/11/:/usr/lib/gcc-cross/aarch64-linux-gnu/11/:/usr/lib/gcc-cross/aarch64-linux-gnu/:/usr/lib/gcc-cross/aarch64-linux-gnu/11/:/usr/lib/gcc-cross/aarch64-linux-gnu/:/usr/lib/gcc-cross/aarch64-linux-gnu/11/../../../../aarch64-linux-gnu/bin/
LIBRARY_PATH=/usr/lib/gcc-cross/aarch64-linux-gnu/11/:/usr/lib/gcc-cross/aarch64-linux-gnu/11/../../../../aarch64-linux-gnu/lib/../lib/:/lib/aarch64-linux-gnu/:/lib/../lib/:/usr/lib/aarch64-linux-gnu/:/usr/lib/../lib/:/usr/lib/gcc-cross/aarch64-linux-gnu/11/../../../../aarch64-linux-gnu/lib/:/lib/:/usr/lib/
Reading specs from /usr/lib/gcc-cross/aarch64-linux-gnu/11/libgomp.spec
COLLECT_GCC_OPTIONS='-fopenmp' '-v' '-o' 'cmTC_3ab62' '-v' '-mlittle-endian' '-mabi=lp64' '-pthread' '-dumpdir' 'cmTC_3ab62.'
 /usr/lib/gcc-cross/aarch64-linux-gnu/11/collect2 -plugin /usr/lib/gcc-cross/aarch64-linux-gnu/11/liblto_plugin.so -plugin-opt=/usr/lib/gcc-cross/aarch64-linux-gnu/11/lto-wrapper -plugin-opt=-fresolution=/tmp/ccAlKL5N.res -plugin-opt=-pass-through=-lgcc -plugin-opt=-pass-through=-lgcc_s -plugin-opt=-pass-through=-lpthread -plugin-opt=-pass-through=-lc -plugin-opt=-pass-through=-lgcc -plugin-opt=-pass-through=-lgcc_s --sysroot=/ --build-id --eh-frame-hdr --hash-style=gnu --as-needed -dynamic-linker /lib/ld-linux-aarch64.so.1 -X -EL -maarch64linux --fix-cortex-a53-843419 -pie -z now -z relro -o cmTC_3ab62 /usr/lib/gcc-cross/aarch64-linux-gnu/11/../../../../aarch64-linux-gnu/lib/../lib/Scrt1.o /usr/lib/gcc-cross/aarch64-linux-gnu/11/../../../../aarch64-linux-gnu/lib/../lib/crti.o /usr/lib/gcc-cross/aarch64-linux-gnu/11/crtbeginS.o -L/usr/lib/gcc-cross/aarch64-linux-gnu/11 -L/usr/lib/gcc-cross/aarch64-linux-gnu/11/../../../../aarch64-linux-gnu/lib/../lib -L/lib/aarch64-linux-gnu -L/lib/../lib -L/usr/lib/aarch64-linux-gnu -L/usr/lib/../lib -L/usr/lib/gcc-cross/aarch64-linux-gnu/11/../../../../aarch64-linux-gnu/lib CMakeFiles/cmTC_3ab62.dir/OpenMPTryFlag.c.o -lgomp -lgcc --push-state --as-needed -lgcc_s --pop-state -lpthread -lc -lgcc --push-state --as-needed -lgcc_s --pop-state /usr/lib/gcc-cross/aarch64-linux-gnu/11/crtendS.o /usr/lib/gcc-cross/aarch64-linux-gnu/11/../../../../aarch64-linux-gnu/lib/../lib/crtn.o
COLLECT_GCC_OPTIONS='-fopenmp' '-v' '-o' 'cmTC_3ab62' '-v' '-mlittle-endian' '-mabi=lp64' '-pthread' '-dumpdir' 'cmTC_3ab62.'
gmake[1]: Leaving directory '/home/yunyi/Desktop/zyy-workspace/oneDNN/build/CMakeFiles/CMakeScratch/TryCompile-zaKCfr'



Parsed C OpenMP implicit link information from above output:
  link line regex: [^( *|.*[/\])(aarch64-linux-gnu-ld|CMAKE_LINK_STARTFILE-NOTFOUND|([^/\]+-)?ld|collect2)[^/\]*( |$)]
  ignore line: [Change Dir: /home/yunyi/Desktop/zyy-workspace/oneDNN/build/CMakeFiles/CMakeScratch/TryCompile-zaKCfr]
  ignore line: []
  ignore line: [Run Build Command(s):/usr/bin/gmake -f Makefile cmTC_3ab62/fast && /usr/bin/gmake  -f CMakeFiles/cmTC_3ab62.dir/build.make CMakeFiles/cmTC_3ab62.dir/build]
  ignore line: [gmake[1]: Entering directory '/home/yunyi/Desktop/zyy-workspace/oneDNN/build/CMakeFiles/CMakeScratch/TryCompile-zaKCfr']
  ignore line: [Building C object CMakeFiles/cmTC_3ab62.dir/OpenMPTryFlag.c.o]
  ignore line: [/usr/bin/aarch64-linux-gnu-gcc   -fopenmp -v -o CMakeFiles/cmTC_3ab62.dir/OpenMPTryFlag.c.o -c /home/yunyi/Desktop/zyy-workspace/oneDNN/build/CMakeFiles/CMakeScratch/TryCompile-zaKCfr/OpenMPTryFlag.c]
  ignore line: [Using built-in specs.]
  ignore line: [COLLECT_GCC=/usr/bin/aarch64-linux-gnu-gcc]
  ignore line: [Target: aarch64-linux-gnu]
  ignore line: [Configured with: ../src/configure -v --with-pkgversion='Ubuntu 11.4.0-1ubuntu1~22.04' --with-bugurl=file:///usr/share/doc/gcc-11/README.Bugs --enable-languages=c ada c++ go d fortran objc obj-c++ m2 --prefix=/usr --with-gcc-major-version-only --program-suffix=-11 --enable-shared --enable-linker-build-id --libexecdir=/usr/lib --without-included-gettext --enable-threads=posix --libdir=/usr/lib --enable-nls --with-sysroot=/ --enable-clocale=gnu --enable-libstdcxx-debug --enable-libstdcxx-time=yes --with-default-libstdcxx-abi=new --enable-gnu-unique-object --disable-libquadmath --disable-libquadmath-support --enable-plugin --enable-default-pie --with-system-zlib --enable-libphobos-checking=release --without-target-system-zlib --enable-multiarch --enable-fix-cortex-a53-843419 --disable-werror --enable-checking=release --build=x86_64-linux-gnu --host=x86_64-linux-gnu --target=aarch64-linux-gnu --program-prefix=aarch64-linux-gnu- --includedir=/usr/aarch64-linux-gnu/include --with-build-config=bootstrap-lto-lean --enable-link-serialization=2]
  ignore line: [Thread model: posix]
  ignore line: [Supported LTO compression algorithms: zlib zstd]
  ignore line: [gcc version 11.4.0 (Ubuntu 11.4.0-1ubuntu1~22.04) ]
  ignore line: [COLLECT_GCC_OPTIONS='-fopenmp' '-v' '-o' 'CMakeFiles/cmTC_3ab62.dir/OpenMPTryFlag.c.o' '-c' '-mlittle-endian' '-mabi=lp64' '-pthread' '-dumpdir' 'CMakeFiles/cmTC_3ab62.dir/']
  ignore line: [ /usr/lib/gcc-cross/aarch64-linux-gnu/11/cc1 -quiet -v -imultiarch aarch64-linux-gnu -D_REENTRANT /home/yunyi/Desktop/zyy-workspace/oneDNN/build/CMakeFiles/CMakeScratch/TryCompile-zaKCfr/OpenMPTryFlag.c -quiet -dumpdir CMakeFiles/cmTC_3ab62.dir/ -dumpbase OpenMPTryFlag.c.c -dumpbase-ext .c -mlittle-endian -mabi=lp64 -version -fopenmp -fasynchronous-unwind-tables -fstack-protector-strong -Wformat -Wformat-security -fstack-clash-protection -o /tmp/ccoZo4io.s]
  ignore line: [GNU C17 (Ubuntu 11.4.0-1ubuntu1~22.04) version 11.4.0 (aarch64-linux-gnu)]
  ignore line: [	compiled by GNU C version 11.4.0  GMP version 6.2.1  MPFR version 4.1.0  MPC version 1.2.1  isl version isl-0.24-GMP]
  ignore line: []
  ignore line: [GGC heuristics: --param ggc-min-expand=100 --param ggc-min-heapsize=131072]
  ignore line: [ignoring nonexistent directory "/usr/local/include/aarch64-linux-gnu"]
  ignore line: [ignoring nonexistent directory "/usr/lib/gcc-cross/aarch64-linux-gnu/11/include-fixed"]
  ignore line: [ignoring nonexistent directory "/usr/include/aarch64-linux-gnu"]
  ignore line: [ignoring duplicate directory "/opt/intel/oneapi/ipp/2021.7.0/include"]
  ignore line: [#include "..." search starts here:]
  ignore line: [#include <...> search starts here:]
  ignore line: [ /opt/intel/oneapi/vpl/2023.0.0/include]
  ignore line: [ /opt/intel/oneapi/tbb/2021.8.0/env/../include]
  ignore line: [ /opt/intel/oneapi/mpi/2021.8.0//include]
  ignore line: [ /opt/intel/oneapi/mkl/2023.0.0/include]
  ignore line: [ /opt/intel/oneapi/ipp/2021.7.0/include]
  ignore line: [ /opt/intel/oneapi/ippcp/2021.6.3/include]
  ignore line: [ /opt/intel/oneapi/dpl/2022.0.0/linux/include]
  ignore line: [ /opt/intel/oneapi/dpcpp-ct/2023.0.0/include]
  ignore line: [ /opt/intel/oneapi/dnnl/2023.0.0/cpu_dpcpp_gpu_dpcpp/include]
  ignore line: [ /opt/intel/oneapi/dev-utilities/2021.8.0/include]
  ignore line: [ /opt/intel/oneapi/dal/2023.0.0/include]
  ignore line: [ /opt/intel/oneapi/ccl/2021.8.0/include/cpu_gpu_dpcpp]
  ignore line: [ /usr/lib/gcc-cross/aarch64-linux-gnu/11/include]
  ignore line: [ /usr/lib/gcc-cross/aarch64-linux-gnu/11/../../../../aarch64-linux-gnu/include]
  ignore line: [ /usr/include]
  ignore line: [End of search list.]
  ignore line: [GNU C17 (Ubuntu 11.4.0-1ubuntu1~22.04) version 11.4.0 (aarch64-linux-gnu)]
  ignore line: [	compiled by GNU C version 11.4.0  GMP version 6.2.1  MPFR version 4.1.0  MPC version 1.2.1  isl version isl-0.24-GMP]
  ignore line: []
  ignore line: [GGC heuristics: --param ggc-min-expand=100 --param ggc-min-heapsize=131072]
  ignore line: [Compiler executable checksum: 2e7b1ee81654360a14ff23d75e63392d]
  ignore line: [COLLECT_GCC_OPTIONS='-fopenmp' '-v' '-o' 'CMakeFiles/cmTC_3ab62.dir/OpenMPTryFlag.c.o' '-c' '-mlittle-endian' '-mabi=lp64' '-pthread' '-dumpdir' 'CMakeFiles/cmTC_3ab62.dir/']
  ignore line: [ /usr/lib/gcc-cross/aarch64-linux-gnu/11/../../../../aarch64-linux-gnu/bin/as -v -EL -mabi=lp64 -o CMakeFiles/cmTC_3ab62.dir/OpenMPTryFlag.c.o /tmp/ccoZo4io.s]
  ignore line: [GNU assembler version 2.38 (aarch64-linux-gnu) using BFD version (GNU Binutils for Ubuntu) 2.38]
  ignore line: [COMPILER_PATH=/usr/lib/gcc-cross/aarch64-linux-gnu/11/:/usr/lib/gcc-cross/aarch64-linux-gnu/11/:/usr/lib/gcc-cross/aarch64-linux-gnu/:/usr/lib/gcc-cross/aarch64-linux-gnu/11/:/usr/lib/gcc-cross/aarch64-linux-gnu/:/usr/lib/gcc-cross/aarch64-linux-gnu/11/../../../../aarch64-linux-gnu/bin/]
  ignore line: [LIBRARY_PATH=/usr/lib/gcc-cross/aarch64-linux-gnu/11/:/usr/lib/gcc-cross/aarch64-linux-gnu/11/../../../../aarch64-linux-gnu/lib/../lib/:/lib/aarch64-linux-gnu/:/lib/../lib/:/usr/lib/aarch64-linux-gnu/:/usr/lib/../lib/:/usr/lib/gcc-cross/aarch64-linux-gnu/11/../../../../aarch64-linux-gnu/lib/:/lib/:/usr/lib/]
  ignore line: [COLLECT_GCC_OPTIONS='-fopenmp' '-v' '-o' 'CMakeFiles/cmTC_3ab62.dir/OpenMPTryFlag.c.o' '-c' '-mlittle-endian' '-mabi=lp64' '-pthread' '-dumpdir' 'CMakeFiles/cmTC_3ab62.dir/OpenMPTryFlag.c.']
  ignore line: [Linking C executable cmTC_3ab62]
  ignore line: [/home/yunyi/.local/lib/python3.10/site-packages/cmake/data/bin/cmake -E cmake_link_script CMakeFiles/cmTC_3ab62.dir/link.txt --verbose=1]
  ignore line: [/usr/bin/aarch64-linux-gnu-gcc  -fopenmp -v CMakeFiles/cmTC_3ab62.dir/OpenMPTryFlag.c.o -o cmTC_3ab62  -v ]
  ignore line: [Using built-in specs.]
  ignore line: [COLLECT_GCC=/usr/bin/aarch64-linux-gnu-gcc]
  ignore line: [COLLECT_LTO_WRAPPER=/usr/lib/gcc-cross/aarch64-linux-gnu/11/lto-wrapper]
  ignore line: [Target: aarch64-linux-gnu]
  ignore line: [Configured with: ../src/configure -v --with-pkgversion='Ubuntu 11.4.0-1ubuntu1~22.04' --with-bugurl=file:///usr/share/doc/gcc-11/README.Bugs --enable-languages=c ada c++ go d fortran objc obj-c++ m2 --prefix=/usr --with-gcc-major-version-only --program-suffix=-11 --enable-shared --enable-linker-build-id --libexecdir=/usr/lib --without-included-gettext --enable-threads=posix --libdir=/usr/lib --enable-nls --with-sysroot=/ --enable-clocale=gnu --enable-libstdcxx-debug --enable-libstdcxx-time=yes --with-default-libstdcxx-abi=new --enable-gnu-unique-object --disable-libquadmath --disable-libquadmath-support --enable-plugin --enable-default-pie --with-system-zlib --enable-libphobos-checking=release --without-target-system-zlib --enable-multiarch --enable-fix-cortex-a53-843419 --disable-werror --enable-checking=release --build=x86_64-linux-gnu --host=x86_64-linux-gnu --target=aarch64-linux-gnu --program-prefix=aarch64-linux-gnu- --includedir=/usr/aarch64-linux-gnu/include --with-build-config=bootstrap-lto-lean --enable-link-serialization=2]
  ignore line: [Thread model: posix]
  ignore line: [Supported LTO compression algorithms: zlib zstd]
  ignore line: [gcc version 11.4.0 (Ubuntu 11.4.0-1ubuntu1~22.04) ]
  ignore line: [COMPILER_PATH=/usr/lib/gcc-cross/aarch64-linux-gnu/11/:/usr/lib/gcc-cross/aarch64-linux-gnu/11/:/usr/lib/gcc-cross/aarch64-linux-gnu/:/usr/lib/gcc-cross/aarch64-linux-gnu/11/:/usr/lib/gcc-cross/aarch64-linux-gnu/:/usr/lib/gcc-cross/aarch64-linux-gnu/11/../../../../aarch64-linux-gnu/bin/]
  ignore line: [LIBRARY_PATH=/usr/lib/gcc-cross/aarch64-linux-gnu/11/:/usr/lib/gcc-cross/aarch64-linux-gnu/11/../../../../aarch64-linux-gnu/lib/../lib/:/lib/aarch64-linux-gnu/:/lib/../lib/:/usr/lib/aarch64-linux-gnu/:/usr/lib/../lib/:/usr/lib/gcc-cross/aarch64-linux-gnu/11/../../../../aarch64-linux-gnu/lib/:/lib/:/usr/lib/]
  ignore line: [Reading specs from /usr/lib/gcc-cross/aarch64-linux-gnu/11/libgomp.spec]
  ignore line: [COLLECT_GCC_OPTIONS='-fopenmp' '-v' '-o' 'cmTC_3ab62' '-v' '-mlittle-endian' '-mabi=lp64' '-pthread' '-dumpdir' 'cmTC_3ab62.']
  link line: [ /usr/lib/gcc-cross/aarch64-linux-gnu/11/collect2 -plugin /usr/lib/gcc-cross/aarch64-linux-gnu/11/liblto_plugin.so -plugin-opt=/usr/lib/gcc-cross/aarch64-linux-gnu/11/lto-wrapper -plugin-opt=-fresolution=/tmp/ccAlKL5N.res -plugin-opt=-pass-through=-lgcc -plugin-opt=-pass-through=-lgcc_s -plugin-opt=-pass-through=-lpthread -plugin-opt=-pass-through=-lc -plugin-opt=-pass-through=-lgcc -plugin-opt=-pass-through=-lgcc_s --sysroot=/ --build-id --eh-frame-hdr --hash-style=gnu --as-needed -dynamic-linker /lib/ld-linux-aarch64.so.1 -X -EL -maarch64linux --fix-cortex-a53-843419 -pie -z now -z relro -o cmTC_3ab62 /usr/lib/gcc-cross/aarch64-linux-gnu/11/../../../../aarch64-linux-gnu/lib/../lib/Scrt1.o /usr/lib/gcc-cross/aarch64-linux-gnu/11/../../../../aarch64-linux-gnu/lib/../lib/crti.o /usr/lib/gcc-cross/aarch64-linux-gnu/11/crtbeginS.o -L/usr/lib/gcc-cross/aarch64-linux-gnu/11 -L/usr/lib/gcc-cross/aarch64-linux-gnu/11/../../../../aarch64-linux-gnu/lib/../lib -L/lib/aarch64-linux-gnu -L/lib/../lib -L/usr/lib/aarch64-linux-gnu -L/usr/lib/../lib -L/usr/lib/gcc-cross/aarch64-linux-gnu/11/../../../../aarch64-linux-gnu/lib CMakeFiles/cmTC_3ab62.dir/OpenMPTryFlag.c.o -lgomp -lgcc --push-state --as-needed -lgcc_s --pop-state -lpthread -lc -lgcc --push-state --as-needed -lgcc_s --pop-state /usr/lib/gcc-cross/aarch64-linux-gnu/11/crtendS.o /usr/lib/gcc-cross/aarch64-linux-gnu/11/../../../../aarch64-linux-gnu/lib/../lib/crtn.o]
    arg [/usr/lib/gcc-cross/aarch64-linux-gnu/11/collect2] ==> ignore
    arg [-plugin] ==> ignore
    arg [/usr/lib/gcc-cross/aarch64-linux-gnu/11/liblto_plugin.so] ==> ignore
    arg [-plugin-opt=/usr/lib/gcc-cross/aarch64-linux-gnu/11/lto-wrapper] ==> ignore
    arg [-plugin-opt=-fresolution=/tmp/ccAlKL5N.res] ==> ignore
    arg [-plugin-opt=-pass-through=-lgcc] ==> ignore
    arg [-plugin-opt=-pass-through=-lgcc_s] ==> ignore
    arg [-plugin-opt=-pass-through=-lpthread] ==> ignore
    arg [-plugin-opt=-pass-through=-lc] ==> ignore
    arg [-plugin-opt=-pass-through=-lgcc] ==> ignore
    arg [-plugin-opt=-pass-through=-lgcc_s] ==> ignore
    arg [--sysroot=/] ==> ignore
    arg [--build-id] ==> ignore
    arg [--eh-frame-hdr] ==> ignore
    arg [--hash-style=gnu] ==> ignore
    arg [--as-needed] ==> ignore
    arg [-dynamic-linker] ==> ignore
    arg [/lib/ld-linux-aarch64.so.1] ==> ignore
    arg [-X] ==> ignore
    arg [-EL] ==> ignore
    arg [-maarch64linux] ==> ignore
    arg [--fix-cortex-a53-843419] ==> ignore
    arg [-pie] ==> ignore
    arg [-znow] ==> ignore
    arg [-zrelro] ==> ignore
    arg [-o] ==> ignore
    arg [cmTC_3ab62] ==> ignore
    arg [-L/usr/lib/gcc-cross/aarch64-linux-gnu/11] ==> dir [/usr/lib/gcc-cross/aarch64-linux-gnu/11]
    arg [-L/usr/lib/gcc-cross/aarch64-linux-gnu/11/../../../../aarch64-linux-gnu/lib/../lib] ==> dir [/usr/lib/gcc-cross/aarch64-linux-gnu/11/../../../../aarch64-linux-gnu/lib/../lib]
    arg [-L/lib/aarch64-linux-gnu] ==> dir [/lib/aarch64-linux-gnu]
    arg [-L/lib/../lib] ==> dir [/lib/../lib]
    arg [-L/usr/lib/aarch64-linux-gnu] ==> dir [/usr/lib/aarch64-linux-gnu]
    arg [-L/usr/lib/../lib] ==> dir [/usr/lib/../lib]
    arg [-L/usr/lib/gcc-cross/aarch64-linux-gnu/11/../../../../aarch64-linux-gnu/lib] ==> dir [/usr/lib/gcc-cross/aarch64-linux-gnu/11/../../../../aarch64-linux-gnu/lib]
    arg [CMakeFiles/cmTC_3ab62.dir/OpenMPTryFlag.c.o] ==> ignore
    arg [-lgomp] ==> lib [gomp]
    arg [-lgcc] ==> lib [gcc]
    arg [--push-state] ==> ignore
    arg [--as-needed] ==> ignore
    arg [-lgcc_s] ==> lib [gcc_s]
    arg [--pop-state] ==> ignore
    arg [-lpthread] ==> lib [pthread]
    arg [-lc] ==> lib [c]
    arg [-lgcc] ==> lib [gcc]
    arg [--push-state] ==> ignore
    arg [--as-needed] ==> ignore
    arg [-lgcc_s] ==> lib [gcc_s]
    arg [--pop-state] ==> ignore
  collapse library dir [/usr/lib/gcc-cross/aarch64-linux-gnu/11] ==> [/usr/lib/gcc-cross/aarch64-linux-gnu/11]
  collapse library dir [/usr/lib/gcc-cross/aarch64-linux-gnu/11/../../../../aarch64-linux-gnu/lib/../lib] ==> [/usr/aarch64-linux-gnu/lib]
  collapse library dir [/lib/aarch64-linux-gnu] ==> [/lib/aarch64-linux-gnu]
  collapse library dir [/lib/../lib] ==> [/lib]
  collapse library dir [/usr/lib/aarch64-linux-gnu] ==> [/usr/lib/aarch64-linux-gnu]
  collapse library dir [/usr/lib/../lib] ==> [/usr/lib]
  collapse library dir [/usr/lib/gcc-cross/aarch64-linux-gnu/11/../../../../aarch64-linux-gnu/lib] ==> [/usr/aarch64-linux-gnu/lib]
  implicit libs: [gomp;gcc;gcc_s;pthread;c;gcc;gcc_s]
  implicit objs: []
  implicit dirs: [/usr/lib/gcc-cross/aarch64-linux-gnu/11;/usr/aarch64-linux-gnu/lib;/lib/aarch64-linux-gnu;/lib;/usr/lib/aarch64-linux-gnu;/usr/lib]
  implicit fwks: []


Detecting CXX OpenMP compiler ABI info compiled with the following output:
Change Dir: /home/yunyi/Desktop/zyy-workspace/oneDNN/build/CMakeFiles/CMakeScratch/TryCompile-wiMPgx

Run Build Command(s):/usr/bin/gmake -f Makefile cmTC_8e58d/fast && /usr/bin/gmake  -f CMakeFiles/cmTC_8e58d.dir/build.make CMakeFiles/cmTC_8e58d.dir/build
gmake[1]: Entering directory '/home/yunyi/Desktop/zyy-workspace/oneDNN/build/CMakeFiles/CMakeScratch/TryCompile-wiMPgx'
Building CXX object CMakeFiles/cmTC_8e58d.dir/OpenMPTryFlag.cpp.o
/usr/bin/aarch64-linux-gnu-g++   -fopenmp -v -o CMakeFiles/cmTC_8e58d.dir/OpenMPTryFlag.cpp.o -c /home/yunyi/Desktop/zyy-workspace/oneDNN/build/CMakeFiles/CMakeScratch/TryCompile-wiMPgx/OpenMPTryFlag.cpp
Using built-in specs.
COLLECT_GCC=/usr/bin/aarch64-linux-gnu-g++
Target: aarch64-linux-gnu
Configured with: ../src/configure -v --with-pkgversion='Ubuntu 11.4.0-1ubuntu1~22.04' --with-bugurl=file:///usr/share/doc/gcc-11/README.Bugs --enable-languages=c,ada,c++,go,d,fortran,objc,obj-c++,m2 --prefix=/usr --with-gcc-major-version-only --program-suffix=-11 --enable-shared --enable-linker-build-id --libexecdir=/usr/lib --without-included-gettext --enable-threads=posix --libdir=/usr/lib --enable-nls --with-sysroot=/ --enable-clocale=gnu --enable-libstdcxx-debug --enable-libstdcxx-time=yes --with-default-libstdcxx-abi=new --enable-gnu-unique-object --disable-libquadmath --disable-libquadmath-support --enable-plugin --enable-default-pie --with-system-zlib --enable-libphobos-checking=release --without-target-system-zlib --enable-multiarch --enable-fix-cortex-a53-843419 --disable-werror --enable-checking=release --build=x86_64-linux-gnu --host=x86_64-linux-gnu --target=aarch64-linux-gnu --program-prefix=aarch64-linux-gnu- --includedir=/usr/aarch64-linux-gnu/include --with-build-config=bootstrap-lto-lean --enable-link-serialization=2
Thread model: posix
Supported LTO compression algorithms: zlib zstd
gcc version 11.4.0 (Ubuntu 11.4.0-1ubuntu1~22.04) 
COLLECT_GCC_OPTIONS='-fopenmp' '-v' '-o' 'CMakeFiles/cmTC_8e58d.dir/OpenMPTryFlag.cpp.o' '-c' '-shared-libgcc' '-mlittle-endian' '-mabi=lp64' '-pthread' '-dumpdir' 'CMakeFiles/cmTC_8e58d.dir/'
 /usr/lib/gcc-cross/aarch64-linux-gnu/11/cc1plus -quiet -v -imultiarch aarch64-linux-gnu -D_GNU_SOURCE -D_REENTRANT /home/yunyi/Desktop/zyy-workspace/oneDNN/build/CMakeFiles/CMakeScratch/TryCompile-wiMPgx/OpenMPTryFlag.cpp -quiet -dumpdir CMakeFiles/cmTC_8e58d.dir/ -dumpbase OpenMPTryFlag.cpp.cpp -dumpbase-ext .cpp -mlittle-endian -mabi=lp64 -version -fopenmp -fasynchronous-unwind-tables -fstack-protector-strong -Wformat -Wformat-security -fstack-clash-protection -o /tmp/ccmuFgPK.s
GNU C++17 (Ubuntu 11.4.0-1ubuntu1~22.04) version 11.4.0 (aarch64-linux-gnu)
	compiled by GNU C version 11.4.0, GMP version 6.2.1, MPFR version 4.1.0, MPC version 1.2.1, isl version isl-0.24-GMP

GGC heuristics: --param ggc-min-expand=100 --param ggc-min-heapsize=131072
ignoring nonexistent directory "/usr/local/include/aarch64-linux-gnu"
ignoring nonexistent directory "/usr/lib/gcc-cross/aarch64-linux-gnu/11/include-fixed"
ignoring nonexistent directory "/usr/include/aarch64-linux-gnu"
ignoring duplicate directory "/opt/intel/oneapi/ipp/2021.7.0/include"
#include "..." search starts here:
#include <...> search starts here:
 /opt/intel/oneapi/vpl/2023.0.0/include
 /opt/intel/oneapi/tbb/2021.8.0/env/../include
 /opt/intel/oneapi/mpi/2021.8.0//include
 /opt/intel/oneapi/mkl/2023.0.0/include
 /opt/intel/oneapi/ipp/2021.7.0/include
 /opt/intel/oneapi/ippcp/2021.6.3/include
 /opt/intel/oneapi/dpl/2022.0.0/linux/include
 /opt/intel/oneapi/dpcpp-ct/2023.0.0/include
 /opt/intel/oneapi/dnnl/2023.0.0/cpu_dpcpp_gpu_dpcpp/include
 /opt/intel/oneapi/dev-utilities/2021.8.0/include
 /opt/intel/oneapi/dal/2023.0.0/include
 /opt/intel/oneapi/ccl/2021.8.0/include/cpu_gpu_dpcpp
 /opt/intel/oneapi/clck/2021.7.2/include
 /usr/lib/gcc-cross/aarch64-linux-gnu/11/../../../../aarch64-linux-gnu/include/c++/11
 /usr/lib/gcc-cross/aarch64-linux-gnu/11/../../../../aarch64-linux-gnu/include/c++/11/aarch64-linux-gnu
 /usr/lib/gcc-cross/aarch64-linux-gnu/11/../../../../aarch64-linux-gnu/include/c++/11/backward
 /usr/lib/gcc-cross/aarch64-linux-gnu/11/include
 /usr/lib/gcc-cross/aarch64-linux-gnu/11/../../../../aarch64-linux-gnu/include
 /usr/include
End of search list.
GNU C++17 (Ubuntu 11.4.0-1ubuntu1~22.04) version 11.4.0 (aarch64-linux-gnu)
	compiled by GNU C version 11.4.0, GMP version 6.2.1, MPFR version 4.1.0, MPC version 1.2.1, isl version isl-0.24-GMP

GGC heuristics: --param ggc-min-expand=100 --param ggc-min-heapsize=131072
Compiler executable checksum: fbc882a9ce49446607e846bb30e5b470
COLLECT_GCC_OPTIONS='-fopenmp' '-v' '-o' 'CMakeFiles/cmTC_8e58d.dir/OpenMPTryFlag.cpp.o' '-c' '-shared-libgcc' '-mlittle-endian' '-mabi=lp64' '-pthread' '-dumpdir' 'CMakeFiles/cmTC_8e58d.dir/'
 /usr/lib/gcc-cross/aarch64-linux-gnu/11/../../../../aarch64-linux-gnu/bin/as -v -EL -mabi=lp64 -o CMakeFiles/cmTC_8e58d.dir/OpenMPTryFlag.cpp.o /tmp/ccmuFgPK.s
GNU assembler version 2.38 (aarch64-linux-gnu) using BFD version (GNU Binutils for Ubuntu) 2.38
COMPILER_PATH=/usr/lib/gcc-cross/aarch64-linux-gnu/11/:/usr/lib/gcc-cross/aarch64-linux-gnu/11/:/usr/lib/gcc-cross/aarch64-linux-gnu/:/usr/lib/gcc-cross/aarch64-linux-gnu/11/:/usr/lib/gcc-cross/aarch64-linux-gnu/:/usr/lib/gcc-cross/aarch64-linux-gnu/11/../../../../aarch64-linux-gnu/bin/
LIBRARY_PATH=/usr/lib/gcc-cross/aarch64-linux-gnu/11/:/usr/lib/gcc-cross/aarch64-linux-gnu/11/../../../../aarch64-linux-gnu/lib/../lib/:/lib/aarch64-linux-gnu/:/lib/../lib/:/usr/lib/aarch64-linux-gnu/:/usr/lib/../lib/:/usr/lib/gcc-cross/aarch64-linux-gnu/11/../../../../aarch64-linux-gnu/lib/:/lib/:/usr/lib/
COLLECT_GCC_OPTIONS='-fopenmp' '-v' '-o' 'CMakeFiles/cmTC_8e58d.dir/OpenMPTryFlag.cpp.o' '-c' '-shared-libgcc' '-mlittle-endian' '-mabi=lp64' '-pthread' '-dumpdir' 'CMakeFiles/cmTC_8e58d.dir/OpenMPTryFlag.cpp.'
Linking CXX executable cmTC_8e58d
/home/yunyi/.local/lib/python3.10/site-packages/cmake/data/bin/cmake -E cmake_link_script CMakeFiles/cmTC_8e58d.dir/link.txt --verbose=1
/usr/bin/aarch64-linux-gnu-g++  -fopenmp -v CMakeFiles/cmTC_8e58d.dir/OpenMPTryFlag.cpp.o -o cmTC_8e58d  -v 
Using built-in specs.
COLLECT_GCC=/usr/bin/aarch64-linux-gnu-g++
COLLECT_LTO_WRAPPER=/usr/lib/gcc-cross/aarch64-linux-gnu/11/lto-wrapper
Target: aarch64-linux-gnu
Configured with: ../src/configure -v --with-pkgversion='Ubuntu 11.4.0-1ubuntu1~22.04' --with-bugurl=file:///usr/share/doc/gcc-11/README.Bugs --enable-languages=c,ada,c++,go,d,fortran,objc,obj-c++,m2 --prefix=/usr --with-gcc-major-version-only --program-suffix=-11 --enable-shared --enable-linker-build-id --libexecdir=/usr/lib --without-included-gettext --enable-threads=posix --libdir=/usr/lib --enable-nls --with-sysroot=/ --enable-clocale=gnu --enable-libstdcxx-debug --enable-libstdcxx-time=yes --with-default-libstdcxx-abi=new --enable-gnu-unique-object --disable-libquadmath --disable-libquadmath-support --enable-plugin --enable-default-pie --with-system-zlib --enable-libphobos-checking=release --without-target-system-zlib --enable-multiarch --enable-fix-cortex-a53-843419 --disable-werror --enable-checking=release --build=x86_64-linux-gnu --host=x86_64-linux-gnu --target=aarch64-linux-gnu --program-prefix=aarch64-linux-gnu- --includedir=/usr/aarch64-linux-gnu/include --with-build-config=bootstrap-lto-lean --enable-link-serialization=2
Thread model: posix
Supported LTO compression algorithms: zlib zstd
gcc version 11.4.0 (Ubuntu 11.4.0-1ubuntu1~22.04) 
COMPILER_PATH=/usr/lib/gcc-cross/aarch64-linux-gnu/11/:/usr/lib/gcc-cross/aarch64-linux-gnu/11/:/usr/lib/gcc-cross/aarch64-linux-gnu/:/usr/lib/gcc-cross/aarch64-linux-gnu/11/:/usr/lib/gcc-cross/aarch64-linux-gnu/:/usr/lib/gcc-cross/aarch64-linux-gnu/11/../../../../aarch64-linux-gnu/bin/
LIBRARY_PATH=/usr/lib/gcc-cross/aarch64-linux-gnu/11/:/usr/lib/gcc-cross/aarch64-linux-gnu/11/../../../../aarch64-linux-gnu/lib/../lib/:/lib/aarch64-linux-gnu/:/lib/../lib/:/usr/lib/aarch64-linux-gnu/:/usr/lib/../lib/:/usr/lib/gcc-cross/aarch64-linux-gnu/11/../../../../aarch64-linux-gnu/lib/:/lib/:/usr/lib/
Reading specs from /usr/lib/gcc-cross/aarch64-linux-gnu/11/libgomp.spec
COLLECT_GCC_OPTIONS='-fopenmp' '-v' '-o' 'cmTC_8e58d' '-v' '-shared-libgcc' '-mlittle-endian' '-mabi=lp64' '-pthread' '-dumpdir' 'cmTC_8e58d.'
 /usr/lib/gcc-cross/aarch64-linux-gnu/11/collect2 -plugin /usr/lib/gcc-cross/aarch64-linux-gnu/11/liblto_plugin.so -plugin-opt=/usr/lib/gcc-cross/aarch64-linux-gnu/11/lto-wrapper -plugin-opt=-fresolution=/tmp/ccMeDwhG.res -plugin-opt=-pass-through=-lgcc_s -plugin-opt=-pass-through=-lgcc -plugin-opt=-pass-through=-lpthread -plugin-opt=-pass-through=-lc -plugin-opt=-pass-through=-lgcc_s -plugin-opt=-pass-through=-lgcc --sysroot=/ --build-id --eh-frame-hdr --hash-style=gnu --as-needed -dynamic-linker /lib/ld-linux-aarch64.so.1 -X -EL -maarch64linux --fix-cortex-a53-843419 -pie -z now -z relro -o cmTC_8e58d /usr/lib/gcc-cross/aarch64-linux-gnu/11/../../../../aarch64-linux-gnu/lib/../lib/Scrt1.o /usr/lib/gcc-cross/aarch64-linux-gnu/11/../../../../aarch64-linux-gnu/lib/../lib/crti.o /usr/lib/gcc-cross/aarch64-linux-gnu/11/crtbeginS.o -L/usr/lib/gcc-cross/aarch64-linux-gnu/11 -L/usr/lib/gcc-cross/aarch64-linux-gnu/11/../../../../aarch64-linux-gnu/lib/../lib -L/lib/aarch64-linux-gnu -L/lib/../lib -L/usr/lib/aarch64-linux-gnu -L/usr/lib/../lib -L/usr/lib/gcc-cross/aarch64-linux-gnu/11/../../../../aarch64-linux-gnu/lib CMakeFiles/cmTC_8e58d.dir/OpenMPTryFlag.cpp.o -lstdc++ -lm -lgomp -lgcc_s -lgcc -lpthread -lc -lgcc_s -lgcc /usr/lib/gcc-cross/aarch64-linux-gnu/11/crtendS.o /usr/lib/gcc-cross/aarch64-linux-gnu/11/../../../../aarch64-linux-gnu/lib/../lib/crtn.o
COLLECT_GCC_OPTIONS='-fopenmp' '-v' '-o' 'cmTC_8e58d' '-v' '-shared-libgcc' '-mlittle-endian' '-mabi=lp64' '-pthread' '-dumpdir' 'cmTC_8e58d.'
gmake[1]: Leaving directory '/home/yunyi/Desktop/zyy-workspace/oneDNN/build/CMakeFiles/CMakeScratch/TryCompile-wiMPgx'



Parsed CXX OpenMP implicit link information from above output:
  link line regex: [^( *|.*[/\])(aarch64-linux-gnu-ld|CMAKE_LINK_STARTFILE-NOTFOUND|([^/\]+-)?ld|collect2)[^/\]*( |$)]
  ignore line: [Change Dir: /home/yunyi/Desktop/zyy-workspace/oneDNN/build/CMakeFiles/CMakeScratch/TryCompile-wiMPgx]
  ignore line: []
  ignore line: [Run Build Command(s):/usr/bin/gmake -f Makefile cmTC_8e58d/fast && /usr/bin/gmake  -f CMakeFiles/cmTC_8e58d.dir/build.make CMakeFiles/cmTC_8e58d.dir/build]
  ignore line: [gmake[1]: Entering directory '/home/yunyi/Desktop/zyy-workspace/oneDNN/build/CMakeFiles/CMakeScratch/TryCompile-wiMPgx']
  ignore line: [Building CXX object CMakeFiles/cmTC_8e58d.dir/OpenMPTryFlag.cpp.o]
  ignore line: [/usr/bin/aarch64-linux-gnu-g++   -fopenmp -v -o CMakeFiles/cmTC_8e58d.dir/OpenMPTryFlag.cpp.o -c /home/yunyi/Desktop/zyy-workspace/oneDNN/build/CMakeFiles/CMakeScratch/TryCompile-wiMPgx/OpenMPTryFlag.cpp]
  ignore line: [Using built-in specs.]
  ignore line: [COLLECT_GCC=/usr/bin/aarch64-linux-gnu-g++]
  ignore line: [Target: aarch64-linux-gnu]
  ignore line: [Configured with: ../src/configure -v --with-pkgversion='Ubuntu 11.4.0-1ubuntu1~22.04' --with-bugurl=file:///usr/share/doc/gcc-11/README.Bugs --enable-languages=c ada c++ go d fortran objc obj-c++ m2 --prefix=/usr --with-gcc-major-version-only --program-suffix=-11 --enable-shared --enable-linker-build-id --libexecdir=/usr/lib --without-included-gettext --enable-threads=posix --libdir=/usr/lib --enable-nls --with-sysroot=/ --enable-clocale=gnu --enable-libstdcxx-debug --enable-libstdcxx-time=yes --with-default-libstdcxx-abi=new --enable-gnu-unique-object --disable-libquadmath --disable-libquadmath-support --enable-plugin --enable-default-pie --with-system-zlib --enable-libphobos-checking=release --without-target-system-zlib --enable-multiarch --enable-fix-cortex-a53-843419 --disable-werror --enable-checking=release --build=x86_64-linux-gnu --host=x86_64-linux-gnu --target=aarch64-linux-gnu --program-prefix=aarch64-linux-gnu- --includedir=/usr/aarch64-linux-gnu/include --with-build-config=bootstrap-lto-lean --enable-link-serialization=2]
  ignore line: [Thread model: posix]
  ignore line: [Supported LTO compression algorithms: zlib zstd]
  ignore line: [gcc version 11.4.0 (Ubuntu 11.4.0-1ubuntu1~22.04) ]
  ignore line: [COLLECT_GCC_OPTIONS='-fopenmp' '-v' '-o' 'CMakeFiles/cmTC_8e58d.dir/OpenMPTryFlag.cpp.o' '-c' '-shared-libgcc' '-mlittle-endian' '-mabi=lp64' '-pthread' '-dumpdir' 'CMakeFiles/cmTC_8e58d.dir/']
  ignore line: [ /usr/lib/gcc-cross/aarch64-linux-gnu/11/cc1plus -quiet -v -imultiarch aarch64-linux-gnu -D_GNU_SOURCE -D_REENTRANT /home/yunyi/Desktop/zyy-workspace/oneDNN/build/CMakeFiles/CMakeScratch/TryCompile-wiMPgx/OpenMPTryFlag.cpp -quiet -dumpdir CMakeFiles/cmTC_8e58d.dir/ -dumpbase OpenMPTryFlag.cpp.cpp -dumpbase-ext .cpp -mlittle-endian -mabi=lp64 -version -fopenmp -fasynchronous-unwind-tables -fstack-protector-strong -Wformat -Wformat-security -fstack-clash-protection -o /tmp/ccmuFgPK.s]
  ignore line: [GNU C++17 (Ubuntu 11.4.0-1ubuntu1~22.04) version 11.4.0 (aarch64-linux-gnu)]
  ignore line: [	compiled by GNU C version 11.4.0  GMP version 6.2.1  MPFR version 4.1.0  MPC version 1.2.1  isl version isl-0.24-GMP]
  ignore line: []
  ignore line: [GGC heuristics: --param ggc-min-expand=100 --param ggc-min-heapsize=131072]
  ignore line: [ignoring nonexistent directory "/usr/local/include/aarch64-linux-gnu"]
  ignore line: [ignoring nonexistent directory "/usr/lib/gcc-cross/aarch64-linux-gnu/11/include-fixed"]
  ignore line: [ignoring nonexistent directory "/usr/include/aarch64-linux-gnu"]
  ignore line: [ignoring duplicate directory "/opt/intel/oneapi/ipp/2021.7.0/include"]
  ignore line: [#include "..." search starts here:]
  ignore line: [#include <...> search starts here:]
  ignore line: [ /opt/intel/oneapi/vpl/2023.0.0/include]
  ignore line: [ /opt/intel/oneapi/tbb/2021.8.0/env/../include]
  ignore line: [ /opt/intel/oneapi/mpi/2021.8.0//include]
  ignore line: [ /opt/intel/oneapi/mkl/2023.0.0/include]
  ignore line: [ /opt/intel/oneapi/ipp/2021.7.0/include]
  ignore line: [ /opt/intel/oneapi/ippcp/2021.6.3/include]
  ignore line: [ /opt/intel/oneapi/dpl/2022.0.0/linux/include]
  ignore line: [ /opt/intel/oneapi/dpcpp-ct/2023.0.0/include]
  ignore line: [ /opt/intel/oneapi/dnnl/2023.0.0/cpu_dpcpp_gpu_dpcpp/include]
  ignore line: [ /opt/intel/oneapi/dev-utilities/2021.8.0/include]
  ignore line: [ /opt/intel/oneapi/dal/2023.0.0/include]
  ignore line: [ /opt/intel/oneapi/ccl/2021.8.0/include/cpu_gpu_dpcpp]
  ignore line: [ /opt/intel/oneapi/clck/2021.7.2/include]
  ignore line: [ /usr/lib/gcc-cross/aarch64-linux-gnu/11/../../../../aarch64-linux-gnu/include/c++/11]
  ignore line: [ /usr/lib/gcc-cross/aarch64-linux-gnu/11/../../../../aarch64-linux-gnu/include/c++/11/aarch64-linux-gnu]
  ignore line: [ /usr/lib/gcc-cross/aarch64-linux-gnu/11/../../../../aarch64-linux-gnu/include/c++/11/backward]
  ignore line: [ /usr/lib/gcc-cross/aarch64-linux-gnu/11/include]
  ignore line: [ /usr/lib/gcc-cross/aarch64-linux-gnu/11/../../../../aarch64-linux-gnu/include]
  ignore line: [ /usr/include]
  ignore line: [End of search list.]
  ignore line: [GNU C++17 (Ubuntu 11.4.0-1ubuntu1~22.04) version 11.4.0 (aarch64-linux-gnu)]
  ignore line: [	compiled by GNU C version 11.4.0  GMP version 6.2.1  MPFR version 4.1.0  MPC version 1.2.1  isl version isl-0.24-GMP]
  ignore line: []
  ignore line: [GGC heuristics: --param ggc-min-expand=100 --param ggc-min-heapsize=131072]
  ignore line: [Compiler executable checksum: fbc882a9ce49446607e846bb30e5b470]
  ignore line: [COLLECT_GCC_OPTIONS='-fopenmp' '-v' '-o' 'CMakeFiles/cmTC_8e58d.dir/OpenMPTryFlag.cpp.o' '-c' '-shared-libgcc' '-mlittle-endian' '-mabi=lp64' '-pthread' '-dumpdir' 'CMakeFiles/cmTC_8e58d.dir/']
  ignore line: [ /usr/lib/gcc-cross/aarch64-linux-gnu/11/../../../../aarch64-linux-gnu/bin/as -v -EL -mabi=lp64 -o CMakeFiles/cmTC_8e58d.dir/OpenMPTryFlag.cpp.o /tmp/ccmuFgPK.s]
  ignore line: [GNU assembler version 2.38 (aarch64-linux-gnu) using BFD version (GNU Binutils for Ubuntu) 2.38]
  ignore line: [COMPILER_PATH=/usr/lib/gcc-cross/aarch64-linux-gnu/11/:/usr/lib/gcc-cross/aarch64-linux-gnu/11/:/usr/lib/gcc-cross/aarch64-linux-gnu/:/usr/lib/gcc-cross/aarch64-linux-gnu/11/:/usr/lib/gcc-cross/aarch64-linux-gnu/:/usr/lib/gcc-cross/aarch64-linux-gnu/11/../../../../aarch64-linux-gnu/bin/]
  ignore line: [LIBRARY_PATH=/usr/lib/gcc-cross/aarch64-linux-gnu/11/:/usr/lib/gcc-cross/aarch64-linux-gnu/11/../../../../aarch64-linux-gnu/lib/../lib/:/lib/aarch64-linux-gnu/:/lib/../lib/:/usr/lib/aarch64-linux-gnu/:/usr/lib/../lib/:/usr/lib/gcc-cross/aarch64-linux-gnu/11/../../../../aarch64-linux-gnu/lib/:/lib/:/usr/lib/]
  ignore line: [COLLECT_GCC_OPTIONS='-fopenmp' '-v' '-o' 'CMakeFiles/cmTC_8e58d.dir/OpenMPTryFlag.cpp.o' '-c' '-shared-libgcc' '-mlittle-endian' '-mabi=lp64' '-pthread' '-dumpdir' 'CMakeFiles/cmTC_8e58d.dir/OpenMPTryFlag.cpp.']
  ignore line: [Linking CXX executable cmTC_8e58d]
  ignore line: [/home/yunyi/.local/lib/python3.10/site-packages/cmake/data/bin/cmake -E cmake_link_script CMakeFiles/cmTC_8e58d.dir/link.txt --verbose=1]
  ignore line: [/usr/bin/aarch64-linux-gnu-g++  -fopenmp -v CMakeFiles/cmTC_8e58d.dir/OpenMPTryFlag.cpp.o -o cmTC_8e58d  -v ]
  ignore line: [Using built-in specs.]
  ignore line: [COLLECT_GCC=/usr/bin/aarch64-linux-gnu-g++]
  ignore line: [COLLECT_LTO_WRAPPER=/usr/lib/gcc-cross/aarch64-linux-gnu/11/lto-wrapper]
  ignore line: [Target: aarch64-linux-gnu]
  ignore line: [Configured with: ../src/configure -v --with-pkgversion='Ubuntu 11.4.0-1ubuntu1~22.04' --with-bugurl=file:///usr/share/doc/gcc-11/README.Bugs --enable-languages=c ada c++ go d fortran objc obj-c++ m2 --prefix=/usr --with-gcc-major-version-only --program-suffix=-11 --enable-shared --enable-linker-build-id --libexecdir=/usr/lib --without-included-gettext --enable-threads=posix --libdir=/usr/lib --enable-nls --with-sysroot=/ --enable-clocale=gnu --enable-libstdcxx-debug --enable-libstdcxx-time=yes --with-default-libstdcxx-abi=new --enable-gnu-unique-object --disable-libquadmath --disable-libquadmath-support --enable-plugin --enable-default-pie --with-system-zlib --enable-libphobos-checking=release --without-target-system-zlib --enable-multiarch --enable-fix-cortex-a53-843419 --disable-werror --enable-checking=release --build=x86_64-linux-gnu --host=x86_64-linux-gnu --target=aarch64-linux-gnu --program-prefix=aarch64-linux-gnu- --includedir=/usr/aarch64-linux-gnu/include --with-build-config=bootstrap-lto-lean --enable-link-serialization=2]
  ignore line: [Thread model: posix]
  ignore line: [Supported LTO compression algorithms: zlib zstd]
  ignore line: [gcc version 11.4.0 (Ubuntu 11.4.0-1ubuntu1~22.04) ]
  ignore line: [COMPILER_PATH=/usr/lib/gcc-cross/aarch64-linux-gnu/11/:/usr/lib/gcc-cross/aarch64-linux-gnu/11/:/usr/lib/gcc-cross/aarch64-linux-gnu/:/usr/lib/gcc-cross/aarch64-linux-gnu/11/:/usr/lib/gcc-cross/aarch64-linux-gnu/:/usr/lib/gcc-cross/aarch64-linux-gnu/11/../../../../aarch64-linux-gnu/bin/]
  ignore line: [LIBRARY_PATH=/usr/lib/gcc-cross/aarch64-linux-gnu/11/:/usr/lib/gcc-cross/aarch64-linux-gnu/11/../../../../aarch64-linux-gnu/lib/../lib/:/lib/aarch64-linux-gnu/:/lib/../lib/:/usr/lib/aarch64-linux-gnu/:/usr/lib/../lib/:/usr/lib/gcc-cross/aarch64-linux-gnu/11/../../../../aarch64-linux-gnu/lib/:/lib/:/usr/lib/]
  ignore line: [Reading specs from /usr/lib/gcc-cross/aarch64-linux-gnu/11/libgomp.spec]
  ignore line: [COLLECT_GCC_OPTIONS='-fopenmp' '-v' '-o' 'cmTC_8e58d' '-v' '-shared-libgcc' '-mlittle-endian' '-mabi=lp64' '-pthread' '-dumpdir' 'cmTC_8e58d.']
  link line: [ /usr/lib/gcc-cross/aarch64-linux-gnu/11/collect2 -plugin /usr/lib/gcc-cross/aarch64-linux-gnu/11/liblto_plugin.so -plugin-opt=/usr/lib/gcc-cross/aarch64-linux-gnu/11/lto-wrapper -plugin-opt=-fresolution=/tmp/ccMeDwhG.res -plugin-opt=-pass-through=-lgcc_s -plugin-opt=-pass-through=-lgcc -plugin-opt=-pass-through=-lpthread -plugin-opt=-pass-through=-lc -plugin-opt=-pass-through=-lgcc_s -plugin-opt=-pass-through=-lgcc --sysroot=/ --build-id --eh-frame-hdr --hash-style=gnu --as-needed -dynamic-linker /lib/ld-linux-aarch64.so.1 -X -EL -maarch64linux --fix-cortex-a53-843419 -pie -z now -z relro -o cmTC_8e58d /usr/lib/gcc-cross/aarch64-linux-gnu/11/../../../../aarch64-linux-gnu/lib/../lib/Scrt1.o /usr/lib/gcc-cross/aarch64-linux-gnu/11/../../../../aarch64-linux-gnu/lib/../lib/crti.o /usr/lib/gcc-cross/aarch64-linux-gnu/11/crtbeginS.o -L/usr/lib/gcc-cross/aarch64-linux-gnu/11 -L/usr/lib/gcc-cross/aarch64-linux-gnu/11/../../../../aarch64-linux-gnu/lib/../lib -L/lib/aarch64-linux-gnu -L/lib/../lib -L/usr/lib/aarch64-linux-gnu -L/usr/lib/../lib -L/usr/lib/gcc-cross/aarch64-linux-gnu/11/../../../../aarch64-linux-gnu/lib CMakeFiles/cmTC_8e58d.dir/OpenMPTryFlag.cpp.o -lstdc++ -lm -lgomp -lgcc_s -lgcc -lpthread -lc -lgcc_s -lgcc /usr/lib/gcc-cross/aarch64-linux-gnu/11/crtendS.o /usr/lib/gcc-cross/aarch64-linux-gnu/11/../../../../aarch64-linux-gnu/lib/../lib/crtn.o]
    arg [/usr/lib/gcc-cross/aarch64-linux-gnu/11/collect2] ==> ignore
    arg [-plugin] ==> ignore
    arg [/usr/lib/gcc-cross/aarch64-linux-gnu/11/liblto_plugin.so] ==> ignore
    arg [-plugin-opt=/usr/lib/gcc-cross/aarch64-linux-gnu/11/lto-wrapper] ==> ignore
    arg [-plugin-opt=-fresolution=/tmp/ccMeDwhG.res] ==> ignore
    arg [-plugin-opt=-pass-through=-lgcc_s] ==> ignore
    arg [-plugin-opt=-pass-through=-lgcc] ==> ignore
    arg [-plugin-opt=-pass-through=-lpthread] ==> ignore
    arg [-plugin-opt=-pass-through=-lc] ==> ignore
    arg [-plugin-opt=-pass-through=-lgcc_s] ==> ignore
    arg [-plugin-opt=-pass-through=-lgcc] ==> ignore
    arg [--sysroot=/] ==> ignore
    arg [--build-id] ==> ignore
    arg [--eh-frame-hdr] ==> ignore
    arg [--hash-style=gnu] ==> ignore
    arg [--as-needed] ==> ignore
    arg [-dynamic-linker] ==> ignore
    arg [/lib/ld-linux-aarch64.so.1] ==> ignore
    arg [-X] ==> ignore
    arg [-EL] ==> ignore
    arg [-maarch64linux] ==> ignore
    arg [--fix-cortex-a53-843419] ==> ignore
    arg [-pie] ==> ignore
    arg [-znow] ==> ignore
    arg [-zrelro] ==> ignore
    arg [-o] ==> ignore
    arg [cmTC_8e58d] ==> ignore
    arg [-L/usr/lib/gcc-cross/aarch64-linux-gnu/11] ==> dir [/usr/lib/gcc-cross/aarch64-linux-gnu/11]
    arg [-L/usr/lib/gcc-cross/aarch64-linux-gnu/11/../../../../aarch64-linux-gnu/lib/../lib] ==> dir [/usr/lib/gcc-cross/aarch64-linux-gnu/11/../../../../aarch64-linux-gnu/lib/../lib]
    arg [-L/lib/aarch64-linux-gnu] ==> dir [/lib/aarch64-linux-gnu]
    arg [-L/lib/../lib] ==> dir [/lib/../lib]
    arg [-L/usr/lib/aarch64-linux-gnu] ==> dir [/usr/lib/aarch64-linux-gnu]
    arg [-L/usr/lib/../lib] ==> dir [/usr/lib/../lib]
    arg [-L/usr/lib/gcc-cross/aarch64-linux-gnu/11/../../../../aarch64-linux-gnu/lib] ==> dir [/usr/lib/gcc-cross/aarch64-linux-gnu/11/../../../../aarch64-linux-gnu/lib]
    arg [CMakeFiles/cmTC_8e58d.dir/OpenMPTryFlag.cpp.o] ==> ignore
    arg [-lstdc++] ==> lib [stdc++]
    arg [-lm] ==> lib [m]
    arg [-lgomp] ==> lib [gomp]
    arg [-lgcc_s] ==> lib [gcc_s]
    arg [-lgcc] ==> lib [gcc]
    arg [-lpthread] ==> lib [pthread]
    arg [-lc] ==> lib [c]
    arg [-lgcc_s] ==> lib [gcc_s]
    arg [-lgcc] ==> lib [gcc]
  collapse library dir [/usr/lib/gcc-cross/aarch64-linux-gnu/11] ==> [/usr/lib/gcc-cross/aarch64-linux-gnu/11]
  collapse library dir [/usr/lib/gcc-cross/aarch64-linux-gnu/11/../../../../aarch64-linux-gnu/lib/../lib] ==> [/usr/aarch64-linux-gnu/lib]
  collapse library dir [/lib/aarch64-linux-gnu] ==> [/lib/aarch64-linux-gnu]
  collapse library dir [/lib/../lib] ==> [/lib]
  collapse library dir [/usr/lib/aarch64-linux-gnu] ==> [/usr/lib/aarch64-linux-gnu]
  collapse library dir [/usr/lib/../lib] ==> [/usr/lib]
  collapse library dir [/usr/lib/gcc-cross/aarch64-linux-gnu/11/../../../../aarch64-linux-gnu/lib] ==> [/usr/aarch64-linux-gnu/lib]
  implicit libs: [stdc++;m;gomp;gcc_s;gcc;pthread;c;gcc_s;gcc]
  implicit objs: []
  implicit dirs: [/usr/lib/gcc-cross/aarch64-linux-gnu/11;/usr/aarch64-linux-gnu/lib;/lib/aarch64-linux-gnu;/lib;/usr/lib/aarch64-linux-gnu;/usr/lib]
  implicit fwks: []


